网格化布局: grid_size=0.5, grid_w=120, grid_h=120
问题规模: 5 个模块, 4 对有连接的模块对
固定chiplet 0 的中心在方框中心 (30.00, 30.00)
非重叠约束: 10 对模块对（所有模块对），M=200（基板尺寸最大值）
目标函数: 1.0 * wirelength + 0.1 * area_proxy

开始求解ILP问题...
变量数量: 145
约束数量: 325
使用求解器: GLPK

求解状态: Optimal
求解时间: 0.13 秒
目标函数值: 67.56

=== 解 1 ===

每对chiplet的相对距离（|x[i]-x[j]|, |y[i]-y[j]|）:
  (0,1) [A, B]: x距离=3.000, y距离=16.000
  (0,2) [A, C]: x距离=13.000, y距离=16.000
  (0,3) [A, D]: x距离=13.000, y距离=16.000
  (0,4) [A, E]: x距离=21.000, y距离=12.000
  (1,2) [B, C]: x距离=10.000, y距离=0.000
  (1,3) [B, D]: x距离=2025-12-13 14:47:02 - DEBUG - Loaded backend qtagg version 6.9.1.
2025-12-13 14:47:02 - DEBUG - findfont: Matching sans\-serif:style=normal:variant=normal:weight=normal:stretch=normal:size=10.0.
2025-12-13 14:47:02 - DEBUG - findfont: score(FontEntry(fname='/root/anaconda3/envs/pyside[DEBUG 绘图] nodes数量: 5, layout中的chiplet数量: 5
[DEBUG 绘图] 绘制 A: 位置=(22.00, 22.00)
[DEBUG 绘图] 绘制 B: 位置=(25.00, 38.00)
[DEBUG 绘图] 绘制 C: 位置=(35.00, 38.00)
[DEBUG 绘图] 绘制 D: 位置=(9.00, 38.00)
[DEBUG 绘图] 绘制 E: 位置=(43.00, 34.00)
[DEBUG 绘图] 实际绘制了 5 个chiplet（共 5 个）
网格化布局: grid_size=0.5, grid_w=120, grid_h=120
问题规模: 5 个模块, 4 对有连接的模块对
固定chiplet 0 的中心在方框中心 (30.00, 30.00)
非重叠约束: 10 对模块对（所有模块对），M=200（基板尺寸最大值）
目标函数: 1.0 * wirelength + 0.1 * area_proxy

开始求解ILP问题...
变量数量: 265
约束数量: 596
使用求解器: GLPK

求解状态: Optimal
求解时间: 0.38 秒
目标函数值: 67.56

=== 解 2 ===

每对chiplet的相对距离（|x[i]-x[j]|, |y[i]-y[j]|）:
  (0,1) [A, B]: x距离=3.000, y距离=20.000
  (0,2) [A, C]: x距离=17.000, y距离=20.000
  (0,3) [A, D]: x距离=13.000, y距离=14.000
  (0,4) [A, E]: x距离=9.000, y距离=0.000
  (1,2) [B, C]: x距离=20.000, y距离=0.000
  (1,3) [B, D]: x距离=10.000, y距离=6.000
  (1,4) [B, E]: x距离=12.000, y距离=20.000
  (2,3) [C, D]: x距离=30.000, y距离=6.000
  (2,4) [C, E]: x距离=8.000, y距离=20.000
  (3,4) [D, E]: x距离=22.000, y距离=14.000

与之前解的距离比较（阈值=10.000）:

  与解 1 比较:
    相同的chiplet对（距离差 < 阈值 10.000）:
      (1,2) [B, C]: 当前距离=20.000, 之前距离=20.000, 距离差=0.000 (< 10.000)
      (2,4) [C, E]: 当前距离=28.000, 之前距离=24.000, 距离差=4.000 (< 10.000)
    不同的chiplet对（距离差 >= 阈值 10.000）:
      (0,1) [A, B]: 当前距离=23.000, 之前距离=38.000, 距离差=15.000 (>= 10.000, 满足阈值)
      (0,2) [A, C]: 当前距离=37.000, 之前距离=58.000, 距离差=21.000 (>= 10.000, 满足阈值)
      (0,3) [A, D]: 当前距离=27.000, 之前距离=58.000, 距离差=31.000 (>= 10.000, 满足阈值)
      (0,4) [A, E]: 当前距离=9.000, 之前距离=66.000, 距离差=57.000 (>= 10.000, 满足阈值)
      (1,3) [B, D]: 当前距离=16.000, 之前距离=32.000, 距离差=16.000 (>= 10.000, 满足阈值)
      (1,4) [B, E]: 当前距离=32.000, 之前距离=44.000, 距离差=12.000 (>= 10.000, 满足阈值)
      (2,3) [C, D]: 当前距离=36.000, 之前距离=52.000, 距离差=16.000 (>= 10.000, 满足阈值)
      (3,4) [D, E]: 当前距离=36.000, 之前距离=76.000, 距离差=40.000 (>= 10.000, 满足阈值)

=== 解 2 ===
目标函数值: 67.5600
[DEBUG 绘图] nodes数量: 5, layout中的chiplet数量: 5
[DEBUG 绘图] 绘制 A: 位置=(22.00, 22.00)
[DEBUG 绘图] 绘制 B: 位置=(25.00, 2.00)
[DEBUG 绘图] 绘制 C: 位置=(5.00, 2.00)
[DEBUG 绘图] 绘制 D: 位置=(35.00, 8.00)
[DEBUG 绘图] 绘制 E: 位置=(13.00, 22.00)
[DEBUG 绘图] 实际绘制了 5 个chiplet（共 5 个）
网格化布局: grid_size=0.5, grid_w=120, grid_h=120
问题规模: 5 个模块, 4 对有连接的模块对
固定chiplet 0 的中心在方框中心 (30.00, 30.00)
非重叠约束: 10 对模块对（所有模块对），M=200（基板尺寸最大值）
目标函数: 1.0 * wirelength + 0.1 * area_proxy

开始求解ILP问题...
变量数量: 305
约束数量: 706
使用求解器: GLPK

求解状态: Optimal
求解时间: 0.71 秒
目标函数值: 67.56

=== 解 3 ===

每对chiplet的相对距离（|x[i]-x[j]|, |y[i]-y[j]|）:
  (0,1) [A, B]: x距离=3.000, y距离=16.000
  (0,2) [A, C]: x距离=17.000, y距离=16.000
  (0,3) [A, D]: x距离=13.000, y距离=16.000
  (0,4) [A, E]: x距离=9.000, y距离=12.000
  (1,2) [B, C]: x距离=20.000, y距离=0.000
  (1,3) [B, D]: x距离=10.000, y距离=0.000
  (1,4) [B, E]: x距离=12.000, y距离=4.000
  (2,3) [C, D]: x距离=30.000, y距离=0.000
  (2,4) [C, E]: x距离=8.000, y距离=4.000
  (3,4) [D, E]: x距离=22.000, y距离=4.000

与之前解的距离比较（阈值=10.000）:

  与解 1 比较:
    相同的chiplet对（距离差 < 阈值 10.000）:
      (1,2) [B, C]: 当前距离=20.000, 之前距离=20.000, 距离差=0.000 (< 10.000)
    不同的chiplet对（距离差 >= 阈值 10.000）:
      (0,1) [A, B]: 当前距离=19.000, 之前距离=38.000, 距离差=19.000 (>= 10.000, 满足阈值)
      (0,2) [A, C]: 当前距离=33.000, 之前距离=58.000, 距离差=25.000 (>= 10.000, 满足阈值)
      (0,3) [A, D]: 当前距离=29.000, 之前距离=58.000, 距离差=29.000 (>= 10.000, 满足阈值)
      (0,4) [A, E]: 当前距离=21.000, 之前距离=66.000, 距离差=45.000 (>= 10.000, 满足阈值)
      (1,3) [B, D]: 当前距离=10.000, 之前距离=32.000, 距离差=22.000 (>= 10.000, 满足阈值)
      (1,4) [B, E]: 当前距离=16.000, 之前距离=44.000, 距离差=28.000 (>= 10.000, 满足阈值)
      (2,3) [C, D]: 当前距离=30.000, 之前距离=52.000, 距离差=22.000 (>= 10.000, 满足阈值)
      (2,4) [C, E]: 当前距离=12.000, 之前距离=24.000, 距离差=12.000 (>= 10.000, 满足阈值)
      (3,4) [D, E]: 当前距离=26.000, 之前距离=76.000, 距离差=50.000 (>= 10.000, 满足阈值)

  与解 2 比较:
    相同的chiplet对（距离差 < 阈值 10.000）:
      (0,4) [A, E]: 当前距离=21.000, 之前距离=18.000, 距离差=3.000 (< 10.000)
    不同的chiplet对（距离差 >= 阈值 10.000）:
      (0,1) [A, B]: 当前距离=19.000, 之前距离=46.000, 距离差=27.000 (>= 10.000, 满足阈值)
      (0,2) [A, C]: 当前距离=33.000, 之前距离=74.000, 距离差=41.000 (>= 10.000, 满足阈值)
      (0,3) [A, D]: 当前距离=29.000, 之前距离=54.000, 距离差=25.000 (>= 10.000, 满足阈值)
      (1,2) [B, C]: 当前距离=20.000, 之前距离=40.000, 距离差=20.000 (>= 10.000, 满足阈值)
      (1,3) [B, D]: 当前距离=10.000, 之前距离=32.000, 距离差=22.000 (>= 10.000, 满足阈值)
      (1,4) [B, E]: 当前距离=16.000, 之前距离=64.000, 距离差=48.000 (>= 10.000, 满足阈值)
      (2,3) [C, D]: 当前距离=30.000, 之前距离=72.000, 距离差=42.000 (>= 10.000, 满足阈值)
      (2,4) [C, E]: 当前距离=12.000, 之前距离=56.000, 距离差=44.000 (>= 10.000, 满足阈值)
      (3,4) [D, E]: 当前距离=26.000, 之前距离=72.000, 距离差=46.000 (>= 10.000, 满足阈值)

=== 解 3 ===
目标函数值: 67.5600
[DEBUG 绘图] nodes数量: 5, layout中的chiplet数量: 5
[DEBUG 绘图] 绘制 A: 位置=(22.00, 22.00)
[DEBUG 绘图] 绘制 B: 位置=(25.00, 38.00)
[DEBUG 绘图] 绘制 C: 位置=(5.00, 38.00)
[DEBUG 绘图] 绘制 D: 位置=(35.00, 38.00)
[DEBUG 绘图] 绘制 E: 位置=(13.00, 34.00)
[DEBUG 绘图] 实际绘制了 5 个chiplet（共 5 个）
网格化布局: grid_size=0.5, grid_w=120, grid_h=120
问题规模: 5 个模块, 4 对有连接的模块对
固定chiplet 0 的中心在方框中心 (30.00, 30.00)
非重叠约束: 10 对模块对（所有模块对），M=200（基板尺寸最大值）
目标函数: 1.0 * wirelength + 0.1 * area_proxy

开始求解ILP问题...
变量数量: 345
约束数量: 816
使用求解器: GLPK

求解状态: Optimal
求解时间: 2.32 秒
目标函数值: 70.72

=== 解 4 ===

每对chiplet的相对距离（|x[i]-x[j]|, |y[i]-y[j]|）:
  (0,1) [A, B]: x距离=3.000, y距离=16.000
  (0,2) [A, C]: x距离=17.000, y距离=18.000
  (0,3) [A, D]: x距离=13.000, y距离=18.000
  (0,4) [A, E]: x距离=6.000, y距离=14.000
  (1,2) [B, C]: x距离=20.000, y距离=2.000
  (1,3) [B, D]: x距离=10.000, y距离=2.000
  (1,4) [B, E]: x距离=9.000, y距离=2.000
  (2,3) [C, D]: x距离=30.000, y距离=0.000
  (2,4) [C, E]: x距离=11.000, y距离=4.000
  (3,4) [D, E]: x距离=19.000, y距离=4.000

与之前解的距离比较（阈值=10.000）:

  与解 1 比较:
    相同的chiplet对（距离差 < 阈值 10.000）:
      (1,2) [B, C]: 当前距离=22.000, 之前距离=20.000, 距离差=2.000 (< 10.000)
      (2,4) [C, E]: 当前距离=15.000, 之前距离=24.000, 距离差=9.000 (< 10.000)
    不同的chiplet对（距离差 >= 阈值 10.000）:
      (0,1) [A, B]: 当前距离=19.000, 之前距离=38.000, 距离差=19.000 (>= 10.000, 满足阈值)
      (0,2) [A, C]: 当前距离=35.000, 之前距离=58.000, 距离差=23.000 (>= 10.000, 满足阈值)
      (0,3) [A, D]: 当前距离=31.000, 之前距离=58.000, 距离差=27.000 (>= 10.000, 满足阈值)
      (0,4) [A, E]: 当前距离=20.000, 之前距离=66.000, 距离差=46.000 (>= 10.000, 满足阈值)
      (1,3) [B, D]: 当前距离=12.000, 之前距离=32.000, 距离差=20.000 (>= 10.000, 满足阈值)
      (1,4) [B, E]: 当前距离=11.000, 之前距离=44.000, 距离差=33.000 (>= 10.000, 满足阈值)
      (2,3) [C, D]: 当前距离=30.000, 之前距离=52.000, 距离差=22.000 (>= 10.000, 满足阈值)
      (3,4) [D, E]: 当前距离=23.000, 之前距离=76.000, 距离差=53.000 (>= 10.000, 满足阈值)

  与解 2 比较:
    相同的chiplet对（距离差 < 阈值 10.000）:
      (0,4) [A, E]: 当前距离=20.000, 之前距离=18.000, 距离差=2.000 (< 10.000)
    不同的chiplet对（距离差 >= 阈值 10.000）:
      (0,1) [A, B]: 当前距离=19.000, 之前距离=46.000, 距离差=27.000 (>= 10.000, 满足阈值)
      (0,2) [A, C]: 当前距离=35.000, 之前距离=74.000, 距离差=39.000 (>= 10.000, 满足阈值)
      (0,3) [A, D]: 当前距离=31.000, 之前距离=54.000, 距离差=23.000 (>= 10.000, 满足阈值)
      (1,2) [B, C]: 当前距离=22.000, 之前距离=40.000, 距离差=18.000 (>= 10.000, 满足阈值)
      (1,3) [B, D]: 当前距离=12.000, 之前距离=32.000, 距离差=20.000 (>= 10.000, 满足阈值)
      (1,4) [B, E]: 当前距离=11.000, 之前距离=64.000, 距离差=53.000 (>= 10.000, 满足阈值)
      (2,3) [C, D]: 当前距离=30.000, 之前距离=72.000, 距离差=42.000 (>= 10.000, 满足阈值)
      (2,4) [C, E]: 当前距离=15.000, 之前距离=56.000, 距离差=41.000 (>= 10.000, 满足阈值)
      (3,4) [D, E]: 当前距离=23.000, 之前距离=72.000, 距离差=49.000 (>= 10.000, 满足阈值)

  与解 3 比较:
    相同的chiplet对（距离差 < 阈值 10.000）:
      (1,3) [B, D]: 当前距离=12.000, 之前距离=20.000, 距离差=8.000 (< 10.000)
      (2,4) [C, E]: 当前距离=15.000, 之前距离=24.000, 距离差=9.000 (< 10.000)
    不同的chiplet对（距离差 >= 阈值 10.000）:
      (0,1) [A, B]: 当前距离=19.000, 之前距离=38.000, 距离差=19.000 (>= 10.000, 满足阈值)
      (0,2) [A, C]: 当前距离=35.000, 之前距离=66.000, 距离差=31.000 (>= 10.000, 满足阈值)
      (0,3) [A, D]: 当前距离=31.000, 之前距离=58.000, 距离差=27.000 (>= 10.000, 满足阈值)
      (0,4) [A, E]: 当前距离=20.000, 之前距离=42.000, 距离差=22.000 (>= 10.000, 满足阈值)
      (1,2) [B, C]: 当前距离=22.000, 之前距离=40.000, 距离差=18.000 (>= 10.000, 满足阈值)
      (1,4) [B, E]: 当前距离=11.000, 之前距离=32.000, 距离差=21.000 (>= 10.000, 满足阈值)
      (2,3) [C, D]: 当前距离=30.000, 之前距离=60.000, 距离差=30.000 (>= 10.000, 满足阈值)
      (3,4) [D, E]: 当前距离=23.000, 之前距离=52.000, 距离差=29.000 (>= 10.000, 满足阈值)

=== 解 4 ===
目标函数值: 70.7200
[DEBUG 绘图] nodes数量: 5, layout中的chiplet数量: 5
[DEBUG 绘图] 绘制 A: 位置=(22.00, 22.00)
[DEBUG 绘图] 绘制 B: 位置=(25.00, 38.00)
[DEBUG 绘图] 绘制 C: 位置=(5.00, 40.00)
[DEBUG 绘图] 绘制 D: 位置=(35.00, 40.00)
[DEBUG 绘图] 绘制 E: 位置=(16.00, 36.00)
[DEBUG 绘图] 实际绘制了 5 个chiplet（共 5 个）
网格化布局: grid_size=0.5, grid_w=120, grid_h=120
问题规模: 5 个模块, 4 对有连接的模块对
固定chiplet 0 的中心在方框中心 (30.00, 30.00)
非重叠约束: 10 对模块对（所有模块对），M=200（基板尺寸最大值）
目标函数: 1.0 * wirelength + 0.1 * area_proxy

开始求解ILP问题...
变量数量: 385
约束数量: 926
使用求解器: GLPK

求解状态: Optimal
求解时间: 3.09 秒
目标函数值: 70.72

=== 解 5 ===

每对chiplet的相对距离（|x[i]-x[j]|, |y[i]-y[j]|）:
  (0,1) [A, B]: x距离=1.000, y距离=20.000
  (0,2) [A, C]: x距离=19.000, y距离=22.000
  (0,3) [A, D]: x距离=11.000, y距离=16.000
  (0,4) [A, E]: x距离=12.000, y距离=2.000
  (1,2) [B, C]: x距离=20.000, y距离=2.000
  (1,3) [B, D]: x距离=10.000, y距离=4.000
  (1,4) [B, E]: x距离=13.000, y距离=18.000
  (2,3) [C, D]: x距离=30.000, y距离=6.000
  (2,4) [C, E]: x距离=7.000, y距离=20.000
  (3,4) [D, E]: x距离=23.000, y距离=14.000

与之前解的距离比较（阈值=10.000）:

  与解 1 比较:
    相同的chiplet对（距离差 < 阈值 10.000）:
      (1,2) [B, C]: 当前距离=22.000, 之前距离=20.000, 距离差=2.000 (< 10.000)
      (2,4) [C, E]: 当前距离=27.000, 之前距离=24.000, 距离差=3.000 (< 10.000)
    不同的chiplet对（距离差 >= 阈值 10.000）:
      (0,1) [A, B]: 当前距离=21.000, 之前距离=38.000, 距离差=17.000 (>= 10.000, 满足阈值)
      (0,2) [A, C]: 当前距离=41.000, 之前距离=58.000, 距离差=17.000 (>= 10.000, 满足阈值)
      (0,3) [A, D]: 当前距离=27.000, 之前距离=58.000, 距离差=31.000 (>= 10.000, 满足阈值)
      (0,4) [A, E]: 当前距离=14.000, 之前距离=66.000, 距离差=52.000 (>= 10.000, 满足阈值)
      (1,3) [B, D]: 当前距离=14.000, 之前距离=32.000, 距离差=18.000 (>= 10.000, 满足阈值)
      (1,4) [B, E]: 当前距离=31.000, 之前距离=44.000, 距离差=13.000 (>= 10.000, 满足阈值)
      (2,3) [C, D]: 当前距离=36.000, 之前距离=52.000, 距离差=16.000 (>= 10.000, 满足阈值)
      (3,4) [D, E]: 当前距离=37.000, 之前距离=76.000, 距离差=39.000 (>= 10.000, 满足阈值)

  与解 2 比较:
    相同的chiplet对（距离差 < 阈值 10.000）:
      (0,4) [A, E]: 当前距离=14.000, 之前距离=18.000, 距离差=4.000 (< 10.000)
    不同的chiplet对（距离差 >= 阈值 10.000）:
      (0,1) [A, B]: 当前距离=21.000, 之前距离=46.000, 距离差=25.000 (>= 10.000, 满足阈值)
      (0,2) [A, C]: 当前距离=41.000, 之前距离=74.000, 距离差=33.000 (>= 10.000, 满足阈值)
      (0,3) [A, D]: 当前距离=27.000, 之前距离=54.000, 距离差=27.000 (>= 10.000, 满足阈值)
      (1,2) [B, C]: 当前距离=22.000, 之前距离=40.000, 距离差=18.000 (>= 10.000, 满足阈值)
      (1,3) [B, D]: 当前距离=14.000, 之前距离=32.000, 距离差=18.000 (>= 10.000, 满足阈值)
      (1,4) [B, E]: 当前距离=31.000, 之前距离=64.000, 距离差=33.000 (>= 10.000, 满足阈值)
      (2,3) [C, D]: 当前距离=36.000, 之前距离=72.000, 距离差=36.000 (>= 10.000, 满足阈值)
      (2,4) [C, E]: 当前距离=27.000, 之前距离=56.000, 距离差=29.000 (>= 10.000, 满足阈值)
      (3,4) [D, E]: 当前距离=37.000, 之前距离=72.000, 距离差=35.000 (>= 10.000, 满足阈值)

  与解 3 比较:
    相同的chiplet对（距离差 < 阈值 10.000）:
      (1,3) [B, D]: 当前距离=14.000, 之前距离=20.000, 距离差=6.000 (< 10.000)
      (1,4) [B, E]: 当前距离=31.000, 之前距离=32.000, 距离差=1.000 (< 10.000)
      (2,4) [C, E]: 当前距离=27.000, 之前距离=24.000, 距离差=3.000 (< 10.000)
    不同的chiplet对（距离差 >= 阈值 10.000）:
      (0,1) [A, B]: 当前距离=21.000, 之前距离=38.000, 距离差=17.000 (>= 10.000, 满足阈值)
      (0,2) [A, C]: 当前距离=41.000, 之前距离=66.000, 距离差=25.000 (>= 10.000, 满足阈值)
      (0,3) [A, D]: 当前距离=27.000, 之前距离=58.000, 距离差=31.000 (>= 10.000, 满足阈值)
      (0,4) [A, E]: 当前距离=14.000, 之前距离=42.000, 距离差=28.000 (>= 10.000, 满足阈值)
      (1,2) [B, C]: 当前距离=22.000, 之前距离=40.000, 距离差=18.000 (>= 10.000, 满足阈值)
      (2,3) [C, D]: 当前距离=36.000, 之前距离=60.000, 距离差=24.000 (>= 10.000, 满足阈值)
      (3,4) [D, E]: 当前距离=37.000, 之前距离=52.000, 距离差=15.000 (>= 10.000, 满足阈值)

  与解 4 比较:
    相同的chiplet对（距离差 < 阈值 10.000）:
      (1,4) [B, E]: 当前距离=31.000, 之前距离=22.000, 距离差=9.000 (< 10.000)
      (2,4) [C, E]: 当前距离=27.000, 之前距离=30.000, 距离差=3.000 (< 10.000)
      (3,4) [D, E]: 当前距离=37.000, 之前距离=46.000, 距离差=9.000 (< 10.000)
    不同的chiplet对（距离差 >= 阈值 10.000）:
      (0,1) [A, B]: 当前距离=21.000, 之前距离=38.000, 距离差=17.000 (>= 10.000, 满足阈值)
      (0,2) [A, C]: 当前距离=41.000, 之前距离=70.000, 距离差=29.000 (>= 10.000, 满足阈值)
      (0,3) [A, D]: 当前距离=27.000, 之前距离=62.000, 距离差=35.000 (>= 10.000, 满足阈值)
      (0,4) [A, E]: 当前距离=14.000, 之前距离=40.000, 距离差=26.000 (>= 10.000, 满足阈值)
      (1,2) [B, C]: 当前距离=22.000, 之前距离=44.000, 距离差=22.000 (>= 10.000, 满足阈值)
      (1,3) [B, D]: 当前距离=14.000, 之前距离=24.000, 距离差=10.000 (>= 10.000, 满足阈值)
      (2,3) [C, D]: 当前距离=36.000, 之前距离=60.000, 距离差=24.000 (>= 10.000, 满足阈值)

=== 解 5 ===
目标函数值: 70.7200
[DEBUG 绘图] nodes数量: 5, layout中的chiplet数量: 5
[DEBUG 绘图] 绘制 A: 位置=(22.00, 22.00)
[DEBUG 绘图] 绘制 B: 位置=(23.00, 2.00)
[DEBUG 绘图] 绘制 C: 位置=(3.00, 0.00)
[DEBUG 绘图] 绘制 D: 位置=(33.00, 6.00)
[DEBUG 绘图] 绘制 E: 位置=(10.00, 20.00)
[DEBUG 绘图] 实际绘制了 5 个chiplet（共 5 个）
网格化布局: grid_size=0.5, grid_w=120, grid_h=120
问题规模: 5 个模块, 4 对有连接的模块对
固定chiplet 0 的中心在方框中心 (30.00, 30.00)
非重叠约束: 10 对模块对（所有模块对），M=200（基板尺寸最大值）
目标函数: 1.0 * wirelength + 0.1 * area_proxy

开始求解ILP问题...
变量数量: 425
约束数量: 1036
使用求解器: GLPK

求解状态: Optimal
求解时间: 4.55 秒
目标函数值: 70.72

=== 解 6 ===

每对chiplet的相对距离（|x[i]-x[j]|, |y[i]-y[j]|）:
  (0,1) [A, B]: x距离=0.000, y距离=16.000
  (0,2) [A, C]: x距离=20.000, y距离=18.000
  (0,3) [A, D]: x距离=10.000, y距离=18.000
  (0,4) [A, E]: x距离=12.000, y距离=14.000
  (1,2) [B, C]: x距离=20.000, y距离=2.000
  (1,3) [B, D]: x距离=10.000, y距离=2.000
  (1,4) [B, E]: x距离=12.000, y距离=2.000
  (2,3) [C, D]: x距离=30.000, y距离=0.000
  (2,4) [C, E]: x距离=8.000, y距离=4.000
  (3,4) [D, E]: x距离=22.000, y距离=4.000

与之前解的距离比较（阈值=10.000）:

  与解 1 比较:
    相同的chiplet对（距离差 < 阈值 10.000）:
      (1,2) [B, C]: 当前距离=22.000, 之前距离=20.000, 距离差=2.000 (< 10.000)
    不同的chiplet对（距离差 >= 阈值 10.000）:
      (0,1) [A, B]: 当前距离=16.000, 之前距离=38.000, 距离差=22.000 (>= 10.000, 满足阈值)
      (0,2) [A, C]: 当前距离=38.000, 之前距离=58.000, 距离差=20.000 (>= 10.000, 满足阈值)
      (0,3) [A, D]: 当前距离=28.000, 之前距离=58.000, 距离差=30.000 (>= 10.000, 满足阈值)
      (0,4) [A, E]: 当前距离=26.000, 之前距离=66.000, 距离差=40.000 (>= 10.000, 满足阈值)
      (1,3) [B, D]: 当前距离=12.000, 之前距离=32.000, 距离差=20.000 (>= 10.000, 满足阈值)
      (1,4) [B, E]: 当前距离=14.000, 之前距离=44.000, 距离差=30.000 (>= 10.000, 满足阈值)
      (2,3) [C, D]: 当前距离=30.000, 之前距离=52.000, 距离差=22.000 (>= 10.000, 满足阈值)
      (2,4) [C, E]: 当前距离=12.000, 之前距离=24.000, 距离差=12.000 (>= 10.000, 满足阈值)
      (3,4) [D, E]: 当前距离=26.000, 之前距离=76.000, 距离差=50.000 (>= 10.000, 满足阈值)

  与解 2 比较:
    相同的chiplet对（距离差 < 阈值 10.000）:
      (0,4) [A, E]: 当前距离=26.000, 之前距离=18.000, 距离差=8.000 (< 10.000)
    不同的chiplet对（距离差 >= 阈值 10.000）:
      (0,1) [A, B]: 当前距离=16.000, 之前距离=46.000, 距离差=30.000 (>= 10.000, 满足阈值)
      (0,2) [A, C]: 当前距离=38.000, 之前距离=74.000, 距离差=36.000 (>= 10.000, 满足阈值)
      (0,3) [A, D]: 当前距离=28.000, 之前距离=54.000, 距离差=26.000 (>= 10.000, 满足阈值)
      (1,2) [B, C]: 当前距离=22.000, 之前距离=40.000, 距离差=18.000 (>= 10.000, 满足阈值)
      (1,3) [B, D]: 当前距离=12.000, 之前距离=32.000, 距离差=20.000 (>= 10.000, 满足阈值)
      (1,4) [B, E]: 当前距离=14.000, 之前距离=64.000, 距离差=50.000 (>= 10.000, 满足阈值)
      (2,3) [C, D]: 当前距离=30.000, 之前距离=72.000, 距离差=42.000 (>= 10.000, 满足阈值)
      (2,4) [C, E]: 当前距离=12.000, 之前距离=56.000, 距离差=44.000 (>= 10.000, 满足阈值)
      (3,4) [D, E]: 当前距离=26.000, 之前距离=72.000, 距离差=46.000 (>= 10.000, 满足阈值)

  与解 3 比较:
    相同的chiplet对（距离差 < 阈值 10.000）:
      (1,3) [B, D]: 当前距离=12.000, 之前距离=20.000, 距离差=8.000 (< 10.000)
    不同的chiplet对（距离差 >= 阈值 10.000）:
      (0,1) [A, B]: 当前距离=16.000, 之前距离=38.000, 距离差=22.000 (>= 10.000, 满足阈值)
      (0,2) [A, C]: 当前距离=38.000, 之前距离=66.000, 距离差=28.000 (>= 10.000, 满足阈值)
      (0,3) [A, D]: 当前距离=28.000, 之前距离=58.000, 距离差=30.000 (>= 10.000, 满足阈值)
      (0,4) [A, E]: 当前距离=26.000, 之前距离=42.000, 距离差=16.000 (>= 10.000, 满足阈值)
      (1,2) [B, C]: 当前距离=22.000, 之前距离=40.000, 距离差=18.000 (>= 10.000, 满足阈值)
      (1,4) [B, E]: 当前距离=14.000, 之前距离=32.000, 距离差=18.000 (>= 10.000, 满足阈值)
      (2,3) [C, D]: 当前距离=30.000, 之前距离=60.000, 距离差=30.000 (>= 10.000, 满足阈值)
      (2,4) [C, E]: 当前距离=12.000, 之前距离=24.000, 距离差=12.000 (>= 10.000, 满足阈值)
      (3,4) [D, E]: 当前距离=26.000, 之前距离=52.000, 距离差=26.000 (>= 10.000, 满足阈值)

  与解 4 比较:
    相同的chiplet对（距离差 < 阈值 10.000）:
      (1,4) [B, E]: 当前距离=14.000, 之前距离=22.000, 距离差=8.000 (< 10.000)
    不同的chiplet对（距离差 >= 阈值 10.000）:
      (0,1) [A, B]: 当前距离=16.000, 之前距离=38.000, 距离差=22.000 (>= 10.000, 满足阈值)
      (0,2) [A, C]: 当前距离=38.000, 之前距离=70.000, 距离差=32.000 (>= 10.000, 满足阈值)
      (0,3) [A, D]: 当前距离=28.000, 之前距离=62.000, 距离差=34.000 (>= 10.000, 满足阈值)
      (0,4) [A, E]: 当前距离=26.000, 之前距离=40.000, 距离差=14.000 (>= 10.000, 满足阈值)
      (1,2) [B, C]: 当前距离=22.000, 之前距离=44.000, 距离差=22.000 (>= 10.000, 满足阈值)
      (1,3) [B, D]: 当前距离=12.000, 之前距离=24.000, 距离差=12.000 (>= 10.000, 满足阈值)
      (2,3) [C, D]: 当前距离=30.000, 之前距离=60.000, 距离差=30.000 (>= 10.000, 满足阈值)
      (2,4) [C, E]: 当前距离=12.000, 之前距离=30.000, 距离差=18.000 (>= 10.000, 满足阈值)
      (3,4) [D, E]: 当前距离=26.000, 之前距离=46.000, 距离差=20.000 (>= 10.000, 满足阈值)

  与解 5 比较:
    相同的chiplet对（距离差 < 阈值 10.000）:
      (0,4) [A, E]: 当前距离=26.000, 之前距离=28.000, 距离差=2.000 (< 10.000)
    不同的chiplet对（距离差 >= 阈值 10.000）:
      (0,1) [A, B]: 当前距离=16.000, 之前距离=42.000, 距离差=26.000 (>= 10.000, 满足阈值)
      (0,2) [A, C]: 当前距离=38.000, 之前距离=82.000, 距离差=44.000 (>= 10.000, 满足阈值)
      (0,3) [A, D]: 当前距离=28.000, 之前距离=54.000, 距离差=26.000 (>= 10.000, 满足阈值)
      (1,2) [B, C]: 当前距离=22.000, 之前距离=44.000, 距离差=22.000 (>= 10.000, 满足阈值)
      (1,3) [B, D]: 当前距离=12.000, 之前距离=28.000, 距离差=16.000 (>= 10.000, 满足阈值)
      (1,4) [B, E]: 当前距离=14.000, 之前距离=62.000, 距离差=48.000 (>= 10.000, 满足阈值)
      (2,3) [C, D]: 当前距离=30.000, 之前距离=72.000, 距离差=42.000 (>= 10.000, 满足阈值)
      (2,4) [C, E]: 当前距离=12.000, 之前距离=54.000, 距离差=42.000 (>= 10.000, 满足阈值)
      (3,4) [D, E]: 当前距离=26.000, 之前距离=74.000, 距离差=48.000 (>= 10.000, 满足阈值)

=== 解 6 ===
目标函数值: 70.7200
[DEBUG 绘图] nodes数量: 5, layout中的chiplet数量: 5
[DEBUG 绘图] 绘制 A: 位置=(22.00, 22.00)
[DEBUG 绘图] 绘制 B: 位置=(22.00, 38.00)
[DEBUG 绘图] 绘制 C: 位置=(2.00, 40.00)
[DEBUG 绘图] 绘制 D: 位置=(32.00, 40.00)
[DEBUG 绘图] 绘制 E: 位置=(10.00, 36.00)
[DEBUG 绘图] 实际绘制了 5 个chiplet（共 5 个）
网格化布局: grid_size=0.5, grid_w=120, grid_h=120
问题规模: 5 个模块, 4 对有连接的模块对
固定chiplet 0 的中心在方框中心 (30.00, 30.00)
非重叠约束: 10 对模块对（所有模块对），M=200（基板尺寸最大值）
目标函数: 1.0 * wirelength + 0.1 * area_proxy

开始求解ILP问题...
变量数量: 465
约束数量: 1146
使用求解器: GLPK

求解状态: Optimal
求解时间: 8.07 秒
目标函数值: 71.56

=== 解 7 ===

每对chiplet的相对距离（|x[i]-x[j]|, |y[i]-y[j]|）:
  (0,1) [A, B]: x距离=3.000, y距离=20.000
  (0,2) [A, C]: x距离=13.000, y距离=20.000
  (0,3) [A, D]: x距离=13.000, y距离=14.000
  (0,4) [A,2025-12-13 14:47:21 - WARNING - Ignoring fixed x limits to fulfill fixed data aspect with adjustable data limits.
2025-12-13 14:47:30 - WARNING - Ignoring fixed x limits to fulfill fixed data aspect with adjustable data limits.
2025-12-13 14:47:46 - WARNING - Ignoring fixed x limits to fulfill fixed data aspect with adjustable data limits.
2025-12-13 14:48:03 - WARNING - Ignoring fixed x limits to fulfill fixed data aspect with adjustable data limits.
2025-12-13 14:48:27 - WARNING - Ignoring fixed x limits to fulfill fixed data aspect with adjustable data limits.
 10.000）:
      (0,1) [A, B]: 当前距离=23.000, 之前距离=38.000, 距离差=15.000 (>= 10.000, 满足阈值)
      (0,2) [A, C]: 当前距离=33.000, 之前距离=58.000, 距离差=25.000 (>= 10.000, 满足阈值)
      (0,3) [A, D]: 当前距离=27.000, 之前距离=58.000, 距离差=31.000 (>= 10.000, 满足阈值)
      (0,4) [A, E]: 当前距离=17.000, 之前距离=66.000, 距离差=49.000 (>= 10.000, 满足阈值)
      (1,2) [B, C]: 当前距离=10.000, 之前距离=20.000, 距离差=10.000 (>= 10.000, 满足阈值)
      (1,3) [B, D]: 当前距离=22.000, 之前距离=32.000, 距离差=10.000 (>= 10.000, 满足阈值)
      (1,4) [B, E]: 当前距离=34.000, 之前距离=44.000, 距离差=10.000 (>= 10.000, 满足阈值)
      (2,3) [C, D]: 当前距离=32.000, 之前距离=52.000, 距离差=20.000 (>= 10.000, 满足阈值)
      (3,4) [D, E]: 当前距离=44.000, 之前距离=76.000, 距离差=32.000 (>= 10.000, 满足阈值)

  与解 2 比较:
    相同的chiplet对（距离差 < 阈值 10.000）:
      (0,4) [A, E]: 当前距离=17.000, 之前距离=18.000, 距离差=1.000 (< 10.000)
    不同的chiplet对（距离差 >= 阈值 10.000）:
      (0,1) [A, B]: 当前距离=23.000, 之前距离=46.000, 距离差=23.000 (>= 10.000, 满足阈值)
      (0,2) [A, C]: 当前距离=33.000, 之前距离=74.000, 距离差=41.000 (>= 10.000, 满足阈值)
      (0,3) [A, D]: 当前距离=27.000, 之前距离=54.000, 距离差=27.000 (>= 10.000, 满足阈值)
      (1,2) [B, C]: 当前距离=10.000, 之前距离=40.000, 距离差=30.000 (>= 10.000, 满足阈值)
      (1,3) [B, D]: 当前距离=22.000, 之前距离=32.000, 距离差=10.000 (>= 10.000, 满足阈值)
      (1,4) [B, E]: 当前距离=34.000, 之前距离=64.000, 距离差=30.000 (>= 10.000, 满足阈值)
      (2,3) [C, D]: 当前距离=32.000, 之前距离=72.000, 距离差=40.000 (>= 10.000, 满足阈值)
      (2,4) [C, E]: 当前距离=24.000, 之前距离=56.000, 距离差=32.000 (>= 10.000, 满足阈值)
      (3,4) [D, E]: 当前距离=44.000, 之前距离=72.000, 距离差=28.000 (>= 10.000, 满足阈值)

  与解 3 比较:
    相同的chiplet对（距离差 < 阈值 10.000）:
      (1,3) [B, D]: 当前距离=22.000, 之前距离=20.000, 距离差=2.000 (< 10.000)
      (1,4) [B, E]: 当前距离=34.000, 之前距离=32.000, 距离差=2.000 (< 10.000)
      (2,4) [C, E]: 当前距离=24.000, 之前距离=24.000, 距离差=0.000 (< 10.000)
      (3,4) [D, E]: 当前距离=44.000, 之前距离=52.000, 距离差=8.000 (< 10.000)
    不同的chiplet对（距离差 >= 阈值 10.000）:
      (0,1) [A, B]: 当前距离=23.000, 之前距离=38.000, 距离差=15.000 (>= 10.000, 满足阈值)
      (0,2) [A, C]: 当前距离=33.000, 之前距离=66.000, 距离差=33.000 (>= 10.000, 满足阈值)
      (0,3) [A, D]: 当前距离=27.000, 之前距离=58.000, 距离差=31.000 (>= 10.000, 满足阈值)
      (0,4) [A, E]: 当前距离=17.000, 之前距离=42.000, 距离差=25.000 (>= 10.000, 满足阈值)
      (1,2) [B, C]: 当前距离=10.000, 之前距离=40.000, 距离差=30.000 (>= 10.000, 满足阈值)
      (2,3) [C, D]: 当前距离=32.000, 之前距离=60.000, 距离差=28.000 (>= 10.000, 满足阈值)

  与解 4 比较:
    相同的chiplet对（距离差 < 阈值 10.000）:
      (1,3) [B, D]: 当前距离=22.000, 之前距离=24.000, 距离差=2.000 (< 10.000)
      (2,4) [C, E]: 当前距离=24.000, 之前距离=30.000, 距离差=6.000 (< 10.000)
      (3,4) [D, E]: 当前距离=44.000, 之前距离=46.000, 距离差=2.000 (< 10.000)
    不同的chiplet对（距离差 >= 阈值 10.000）:
      (0,1) [A, B]: 当前距离=23.000, 之前距离=38.000, 距离差=15.000 (>= 10.000, 满足阈值)
      (0,2) [A, C]: 当前距离=33.000, 之前距离=70.000, 距离差=37.000 (>= 10.000, 满足阈值)
      (0,3) [A, D]: 当前距离=27.000, 之前距离=62.000, 距离差=35.000 (>= 10.000, 满足阈值)
      (0,4) [A, E]: 当前距离=17.000, 之前距离=40.000, 距离差=23.000 (>= 10.000, 满足阈值)
      (1,2) [B, C]: 当前距离=10.000, 之前距离=44.000, 距离差=34.000 (>= 10.000, 满足阈值)
      (1,4) [B, E]: 当前距离=34.000, 之前距离=22.000, 距离差=12.000 (>= 10.000, 满足阈值)
      (2,3) [C, D]: 当前距离=32.000, 之前距离=60.000, 距离差=28.000 (>= 10.000, 满足阈值)

  与解 5 比较:
    相同的chiplet对（距离差 < 阈值 10.000）:
      (1,3) [B, D]: 当前距离=22.000, 之前距离=28.000, 距离差=6.000 (< 10.000)
    不同的chiplet对（距离差 >= 阈值 10.000）:
      (0,1) [A, B]: 当前距离=23.000, 之前距离=42.000, 距离差=19.000 (>= 10.000, 满足阈值)
      (0,2) [A, C]: 当前距离=33.000, 之前距离=82.000, 距离差=49.000 (>= 10.000, 满足阈值)
      (0,3) [A, D]: 当前距离=27.000, 之前距离=54.000, 距离差=27.000 (>= 10.000, 满足阈值)
      (0,4) [A, E]: 当前距离=17.000, 之前距离=28.000, 距离差=11.000 (>= 10.000, 满足阈值)
      (1,2) [B, C]: 当前距离=10.000, 之前距离=44.000, 距离差=34.000 (>= 10.000, 满足阈值)
      (1,4) [B, E]: 当前距离=34.000, 之前距离=62.000, 距离差=28.000 (>= 10.000, 满足阈值)
      (2,3) [C, D]: 当前距离=32.000, 之前距离=72.000, 距离差=40.000 (>= 10.000, 满足阈值)
      (2,4) [C, E]: 当前距离=24.000, 之前距离=54.000, 距离差=30.000 (>= 10.000, 满足阈值)
      (3,4) [D, E]: 当前距离=44.000, 之前距离=74.000, 距离差=30.000 (>= 10.000, 满足阈值)

  与解 6 比较:
    相同的chiplet对（距离差 < 阈值 10.000）:
      (0,1) [A, B]: 当前距离=23.000, 之前距离=32.000, 距离差=9.000 (< 10.000)
      (1,3) [B, D]: 当前距离=22.000, 之前距离=24.000, 距离差=2.000 (< 10.000)
      (1,4) [B, E]: 当前距离=34.000, 之前距离=28.000, 距离差=6.000 (< 10.000)
      (2,4) [C, E]: 当前距离=24.000, 之前距离=24.000, 距离差=0.000 (< 10.000)
      (3,4) [D, E]: 当前距离=44.000, 之前距离=52.000, 距离差=8.000 (< 10.000)
    不同的chiplet对（距离差 >= 阈值 10.000）:
      (0,2) [A, C]: 当前距离=33.000, 之前距离=76.000, 距离差=43.000 (>= 10.000, 满足阈值)
      (0,3) [A, D]: 当前距离=27.000, 之前距离=56.000, 距离差=29.000 (>= 10.000, 满足阈值)
      (0,4) [A, E]: 当前距离=17.000, 之前距离=52.000, 距离差=35.000 (>= 10.000, 满足阈值)
      (1,2) [B, C]: 当前距离=10.000, 之前距离=44.000, 距离差=34.000 (>= 10.000, 满足阈值)
      (2,3) [C, D]: 当前距离=32.000, 之前距离=60.000, 距离差=28.000 (>= 10.000, 满足阈值)

=== 解 7 ===
目标函数值: 71.5600
[DEBUG 绘图] nodes数量: 5, layout中的chiplet数量: 5
[DEBUG 绘图] 绘制 A: 位置=(22.00, 22.00)
[DEBUG 绘图] 绘制 B: 位置=(25.00, 2.00)
[DEBUG 绘图] 绘制 C: 位置=(35.00, 2.00)
[DEBUG 绘图] 绘制 D: 位置=(9.00, 8.00)
[DEBUG 绘图] 绘制 E: 位置=(39.00, 22.00)
[DEBUG 绘图] 实际绘制了 5 个chiplet（共 5 个）
网格化布局: grid_size=0.5, grid_w=120, grid_h=120
问题规模: 5 个模块, 4 对有连接的模块对
固定chiplet 0 的中心在方框中心 (30.00, 30.00)
非重叠约束: 10 对模块对（所有模块对），M=200（基板尺寸最大值）
目标函数: 1.0 * wirelength + 0.1 * area_proxy

开始求解ILP问题...
变量数量: 505
约束数量: 1256
使用求解器: GLPK

求解状态: Optimal
求解时间: 9.25 秒
目标函数值: 72.56

=== 解 8 ===

每对chiplet的相对距离（|x[i]-x[j]|, |y[i]-y[j]|）:
  (0,1) [A, B]: x距离=4.500, y距离=20.000
  (0,2) [A, C]: x距离=15.500, y距离=20.000
  (0,3) [A, D]: x距离=14.500, y距离=14.000
  (0,4) [A, E]: x距离=4.000, y距离=0.000
  (1,2) [B, C]: x距离=20.000, y距离=0.000
  (1,3) [B, D]: x距离=10.000, y距离=6.000
  (1,4) [B, E]: x距离=8.500, y距离=20.000
  (2,3) [C, D]: x距离=30.000, y距离=6.000
  (2,4) [C, E]: x距离=11.500, y距离=20.000
  (3,4) [D, E]: x距离=18.500, y距离=14.000

与之前解的距离比较（阈值=10.000）:

  与解 1 比较:
    相同的chiplet对（距离差 < 阈值 10.000）:
      (1,2) [B, C]: 当前距离=20.000, 之前距离=20.000, 距离差=0.000 (< 10.000)
      (2,4) [C, E]: 当前距离=31.500, 之前距离=24.000, 距离差=7.500 (< 10.000)
    不同的chiplet对（距离差 >= 阈值 10.000）:
      (0,1) [A, B]: 当前距离=24.500, 之前距离=38.000, 距离差=13.500 (>= 10.000, 满足阈值)
      (0,2) [A, C]: 当前距离=35.500, 之前距离=58.000, 距离差=22.500 (>= 10.000, 满足阈值)
      (0,3) [A, D]: 当前距离=28.500, 之前距离=58.000, 距离差=29.500 (>= 10.000, 满足阈值)
      (0,4) [A, E]: 当前距离=4.000, 之前距离=66.000, 距离差=62.000 (>= 10.000, 满足阈值)
      (1,3) [B, D]: 当前距离=16.000, 之前距离=32.000, 距离差=16.000 (>= 10.000, 满足阈值)
      (1,4) [B, E]: 当前距离=28.500, 之前距离=44.000, 距离差=15.500 (>= 10.000, 满足阈值)
      (2,3) [C, D]: 当前距离=36.000, 之前距离=52.000, 距离差=16.000 (>= 10.000, 满足阈值)
      (3,4) [D, E]: 当前距离=32.500, 之前距离=76.000, 距离差=43.500 (>= 10.000, 满足阈值)

  与解 2 比较:
    不同的chiplet对（距离差 >= 阈值 10.000）:
      (0,1) [A, B]: 当前距离=24.500, 之前距离=46.000, 距离差=21.500 (>= 10.000, 满足阈值)
      (0,2) [A, C]: 当前距离=35.500, 之前距离=74.000, 距离差=38.500 (>= 10.000, 满足阈值)
      (0,3) [A, D]: 当前距离=28.500, 之前距离=54.000, 距离差=25.500 (>= 10.000, 满足阈值)
      (0,4) [A, E]: 当前距离=4.000, 之前距离=18.000, 距离差=14.000 (>= 10.000, 满足阈值)
      (1,2) [B, C]: 当前距离=20.000, 之前距离=40.000, 距离差=20.000 (>= 10.000, 满足阈值)
      (1,3) [B, D]: 当前距离=16.000, 之前距离=32.000, 距离差=16.000 (>= 10.000, 满足阈值)
      (1,4) [B, E]: 当前距离=28.500, 之前距离=64.000, 距离差=35.500 (>= 10.000, 满足阈值)
      (2,3) [C, D]: 当前距离=36.000, 之前距离=72.000, 距离差=36.000 (>= 10.000, 满足阈值)
      (2,4) [C, E]: 当前距离=31.500, 之前距离=56.000, 距离差=24.500 (>= 10.000, 满足阈值)
      (3,4) [D, E]: 当前距离=32.500, 之前距离=72.000, 距离差=39.500 (>= 10.000, 满足阈值)

  与解 3 比较:
    相同的chiplet对（距离差 < 阈值 10.000）:
      (1,3) [B, D]: 当前距离=16.000, 之前距离=20.000, 距离差=4.000 (< 10.000)
      (1,4) [B, E]: 当前距离=28.500, 之前距离=32.000, 距离差=3.500 (< 10.000)
      (2,4) [C, E]: 当前距离=31.500, 之前距离=24.000, 距离差=7.500 (< 10.000)
    不同的chiplet对（距离差 >= 阈值 10.000）:
      (0,1) [A, B]: 当前距离=24.500, 之前距离=38.000, 距离差=13.500 (>= 10.000, 满足阈值)
      (0,2) [A, C]: 当前距离=35.500, 之前距离=66.000, 距离差=30.500 (>= 10.000, 满足阈值)
      (0,3) [A, D]: 当前距离=28.500, 之前距离=58.000, 距离差=29.500 (>= 10.000, 满足阈值)
      (0,4) [A, E]: 当前距离=4.000, 之前距离=42.000, 距离差=38.000 (>= 10.000, 满足阈值)
      (1,2) [B, C]: 当前距离=20.000, 之前距离=40.000, 距离差=20.000 (>= 10.000, 满足阈值)
      (2,3) [C, D]: 当前距离=36.000, 之前距离=60.000, 距离差=24.000 (>= 10.000, 满足阈值)
      (3,4) [D, E]: 当前距离=32.500, 之前距离=52.000, 距离差=19.500 (>= 10.000, 满足阈值)

  与解 4 比较:
    相同的chiplet对（距离差 < 阈值 10.000）:
      (1,3) [B, D]: 当前距离=16.000, 之前距离=24.000, 距离差=8.000 (< 10.000)
      (1,4) [B, E]: 当前距离=28.500, 之前距离=22.000, 距离差=6.500 (< 10.000)
      (2,4) [C, E]: 当前距离=31.500, 之前距离=30.000, 距离差=1.500 (< 10.000)
    不同的chiplet对（距离差 >= 阈值 10.000）:
      (0,1) [A, B]: 当前距离=24.500, 之前距离=38.000, 距离差=13.500 (>= 10.000, 满足阈值)
      (0,2) [A, C]: 当前距离=35.500, 之前距离=70.000, 距离差=34.500 (>= 10.000, 满足阈值)
      (0,3) [A, D]: 当前距离=28.500, 之前距离=62.000, 距离差=33.500 (>= 10.000, 满足阈值)
      (0,4) [A, E]: 当前距离=4.000, 之前距离=40.000, 距离差=36.000 (>= 10.000, 满足阈值)
      (1,2) [B, C]: 当前距离=20.000, 之前距离=44.000, 距离差=24.000 (>= 10.000, 满足阈值)
      (2,3) [C, D]: 当前距离=36.000, 之前距离=60.000, 距离差=24.000 (>= 10.000, 满足阈值)
      (3,4) [D, E]: 当前距离=32.500, 之前距离=46.000, 距离差=13.500 (>= 10.000, 满足阈值)

  与解 5 比较:
    不同的chiplet对（距离差 >= 阈值 10.000）:
      (0,1) [A, B]: 当前距离=24.500, 之前距离=42.000, 距离差=17.500 (>= 10.000, 满足阈值)
      (0,2) [A, C]: 当前距离=35.500, 之前距离=82.000, 距离差=46.500 (>= 10.000, 满足阈值)
      (0,3) [A, D]: 当前距离=28.500, 之前距离=54.000, 距离差=25.500 (>= 10.000, 满足阈值)
      (0,4) [A, E]: 当前距离=4.000, 之前距离=28.000, 距离差=24.000 (>= 10.000, 满足阈值)
      (1,2) [B, C]: 当前距离=20.000, 之前距离=44.000, 距离差=24.000 (>= 10.000, 满足阈值)
      (1,3) [B, D]: 当前距离=16.000, 之前距离=28.000, 距离差=12.000 (>= 10.000, 满足阈值)
      (1,4) [B, E]: 当前距离=28.500, 之前距离=62.000, 距离差=33.500 (>= 10.000, 满足阈值)
      (2,3) [C, D]: 当前距离=36.000, 之前距离=72.000, 距离差=36.000 (>= 10.000, 满足阈值)
      (2,4) [C, E]: 当前距离=31.500, 之前距离=54.000, 距离差=22.500 (>= 10.000, 满足阈值)
      (3,4) [D, E]: 当前距离=32.500, 之前距离=74.000, 距离差=41.500 (>= 10.000, 满足阈值)

  与解 6 比较:
    相同的chiplet对（距离差 < 阈值 10.000）:
      (0,1) [A, B]: 当前距离=24.500, 之前距离=32.000, 距离差=7.500 (< 10.000)
      (1,3) [B, D]: 当前距离=16.000, 之前距离=24.000, 距离差=8.000 (< 10.000)
      (1,4) [B, E]: 当前距离=28.500, 之前距离=28.000, 距离差=0.500 (< 10.000)
      (2,4) [C, E]: 当前距离=31.500, 之前距离=24.000, 距离差=7.500 (< 10.000)
    不同的chiplet对（距离差 >= 阈值 10.000）:
      (0,2) [A, C]: 当前距离=35.500, 之前距离=76.000, 距离差=40.500 (>= 10.000, 满足阈值)
      (0,3) [A, D]: 当前距离=28.500, 之前距离=56.000, 距离差=27.500 (>= 10.000, 满足阈值)
      (0,4) [A, E]: 当前距离=4.000, 之前距离=52.000, 距离差=48.000 (>= 10.000, 满足阈值)
      (1,2) [B, C]: 当前距离=20.000, 之前距离=44.000, 距离差=24.000 (>= 10.000, 满足阈值)
      (2,3) [C, D]: 当前距离=36.000, 之前距离=60.000, 距离差=24.000 (>= 10.000, 满足阈值)
      (3,4) [D, E]: 当前距离=32.500, 之前距离=52.000, 距离差=19.500 (>= 10.000, 满足阈值)

  与解 7 比较:
    相同的chiplet对（距离差 < 阈值 10.000）:
      (1,2) [B, C]: 当前距离=20.000, 之前距离=20.000, 距离差=0.000 (< 10.000)
    不同的chiplet对（距离差 >= 阈值 10.000）:
      (0,1) [A, B]: 当前距离=24.500, 之前距离=46.000, 距离差=21.500 (>= 10.000, 满足阈值)
      (0,2) [A, C]: 当前距离=35.500, 之前距离=66.000, 距离差=30.500 (>= 10.000, 满足阈值)
      (0,3) [A, D]: 当前距离=28.500, 之前距离=54.000, 距离差=25.500 (>= 10.000, 满足阈值)
      (0,4) [A, E]: 当前距离=4.000, 之前距离=34.000, 距离差=30.000 (>= 10.000, 满足阈值)
      (1,3) [B, D]: 当前距离=16.000, 之前距离=44.000, 距离差=28.000 (>= 10.000, 满足阈值)
      (1,4) [B, E]: 当前距离=28.500, 之前距离=68.000, 距离差=39.500 (>= 10.000, 满足阈值)
      (2,3) [C, D]: 当前距离=36.000, 之前距离=64.000, 距离差=28.000 (>= 10.000, 满足阈值)
      (2,4) [C, E]: 当前距离=31.500, 之前距离=48.000, 距离差=16.500 (>= 10.000, 满足阈值)
      (3,4) [D, E]: 当前距离=32.500, 之前距离=88.000, 距离差=55.500 (>= 10.000, 满足阈值)

=== 解 8 ===
目标函数值: 72.5600
[DEBUG 绘图] nodes数量: 5, layout中的chiplet数量: 5
[DEBUG 绘图] 绘制 A: 位置=(22.00, 22.00)
[DEBUG 绘图] 绘制 B: 位置=(26.50, 2.00)
[DEBUG 绘图] 绘制 C: 位置=(6.50, 2.00)
[DEBUG 绘图] 绘制 D: 位置=(36.50, 8.00)
[DEBUG 绘图] 绘制 E: 位置=(18.00, 22.00)
[DEBUG 绘图] 实际绘制了 5 个chiplet（共 5 个）
网格化布局: grid_size=0.5, grid_w=120, grid_h=120
问题规模: 5 个模块, 4 对有连接的模块对
固定chiplet 0 的中心在方框中心 (30.00, 30.00)
非重叠约束: 10 对模块对（所有模块对），M=200（基板尺寸最大值）
目标函数: 1.0 * wirelength + 0.1 * area_proxy

开始求解ILP问题...
变量数量: 545
约束数量: 1366
使用求解器: GLPK

求解状态: Optimal
求解时间: 15.38 秒
目标函数值: 72.56

=== 解 9 ===

每对chiplet的相对距离（|x[i]-x[j]|, |y[i]-y[j]|）:
  (0,1) [A, B]: x距离=2.000, y距离=20.000
  (0,2) [A, C]: x距离=22.000, y距离=20.000
  (0,3) [A, D]: x距离=8.000, y距离=14.000
  (0,4) [A, E]: x距离=14.000, y距离=0.000
  (1,2) [B, C]: x距离=20.000, y距离=0.000
  (1,3) [B, D]: x距离=10.000, y距离=6.000
  (1,4) [B, E]: x距离=12.000, y距离=20.000
  (2,3) [C, D]: x距离=30.000, y距离=6.000
  (2,4) [C, E]: x距离=8.000, y距离=20.000
  (3,4) [D, E]: x距离=22.000, y距离=14.000

与之前解的距离比较（阈值=10.000）:

  与解 1 比较:
    相同的chiplet对（距离差 < 阈值 10.000）:
      (1,2) [B, C]: 当前距离=20.000, 之前距离=20.000, 距离差=0.000 (< 10.000)
      (2,4) [C, E]: 当前距离=28.000, 之前距离=24.000, 距离差=4.000 (< 10.000)
    不同的chiplet对（距离差 >= 阈值 10.000）:
      (0,1) [A, B]: 当前距离=22.000, 之前距离=38.000, 距离差=16.000 (>= 10.000, 满足阈值)
      (0,2) [A, C]: 当前距离=42.000, 之前距离=58.000, 距离差=16.000 (>= 10.000, 满足阈值)
      (0,3) [A, D]: 当前距离=22.000, 之前距离=58.000, 距离差=36.000 (>= 10.000, 满足阈值)
      (0,4) [A, E]: 当前距离=14.000, 之前距离=66.000, 距离差=52.000 (>= 10.000, 满足阈值)
      (1,3) [B, D]: 当前距离=16.000, 之前距离=32.000, 距离差=16.000 (>= 10.000, 满足阈值)
      (1,4) [B, E]: 当前距离=32.000, 之前距离=44.000, 距离差=12.000 (>= 10.000, 满足阈值)
      (2,3) [C, D]: 当前距离=36.000, 之前距离=52.000, 距离差=16.000 (>= 10.000, 满足阈值)
      (3,4) [D, E]: 当前距离=36.000, 之前距离=76.000, 距离差=40.000 (>= 10.000, 满足阈值)

  与解 2 比较:
    相同的chiplet对（距离差 < 阈值 10.000）:
      (0,4) [A, E]: 当前距离=14.000, 之前距离=18.000, 距离差=4.000 (< 10.000)
    不同的chiplet对（距离差 >= 阈值 10.000）:
      (0,1) [A, B]: 当前距离=22.000, 之前距离=46.000, 距离差=24.000 (>= 10.000, 满足阈值)
      (0,2) [A, C]: 当前距离=42.000, 之前距离=74.000, 距离差=32.000 (>= 10.000, 满足阈值)
      (0,3) [A, D]: 当前距离=22.000, 之前距离=54.000, 距离差=32.000 (>= 10.000, 满足阈值)
      (1,2) [B, C]: 当前距离=20.000, 之前距离=40.000, 距离差=20.000 (>= 10.000, 满足阈值)
      (1,3) [B, D]: 当前距离=16.000, 之前距离=32.000, 距离差=16.000 (>= 10.000, 满足阈值)
      (1,4) [B, E]: 当前距离=32.000, 之前距离=64.000, 距离差=32.000 (>= 10.000, 满足阈值)
      (2,3) [C, D]: 当前距离=36.000, 之前距离=72.000, 距离差=36.000 (>= 10.000, 满足阈值)
      (2,4) [C, E]: 当前距离=28.000, 之前距离=56.000, 距离差=28.000 (>= 10.000, 满足阈值)
      (3,4) [D, E]: 当前距离=36.000, 之前距离=72.000, 距离差=36.000 (>= 10.000, 满足阈值)

  与解 3 比较:
    相同的chiplet对（距离差 < 阈值 10.000）:
      (1,3) [B, D]: 当前距离=16.000, 之前距离=20.000, 距离差=4.000 (< 10.000)
      (1,4) [B, E]: 当前距离=32.000, 之前距离=32.000, 距离差=0.000 (< 10.000)
      (2,4) [C, E]: 当前距离=28.000, 之前距离=24.000, 距离差=4.000 (< 10.000)
    不同的chiplet对（距离差 >= 阈值 10.000）:
      (0,1) [A, B]: 当前距离=22.000, 之前距离=38.000, 距离差=16.000 (>= 10.000, 满足阈值)
      (0,2) [A, C]: 当前距离=42.000, 之前距离=66.000, 距离差=24.000 (>= 10.000, 满足阈值)
      (0,3) [A, D]: 当前距离=22.000, 之前距离=58.000, 距离差=36.000 (>= 10.000, 满足阈值)
      (0,4) [A, E]: 当前距离=14.000, 之前距离=42.000, 距离差=28.000 (>= 10.000, 满足阈值)
      (1,2) [B, C]: 当前距离=20.000, 之前距离=40.000, 距离差=20.000 (>= 10.000, 满足阈值)
      (2,3) [C, D]: 当前距离=36.000, 之前距离=60.000, 距离差=24.000 (>= 10.000, 满足阈值)
      (3,4) [D, E]: 当前距离=36.000, 之前距离=52.000, 距离差=16.000 (>= 10.000, 满足阈值)

  与解 4 比较:
    相同的chiplet对（距离差 < 阈值 10.000）:
      (1,3) [B, D]: 当前距离=16.000, 之前距离=24.000, 距离差=8.000 (< 10.000)
      (2,4) [C, E]: 当前距离=28.000, 之前距离=30.000, 距离差=2.000 (< 10.000)
    不同的chiplet对（距离差 >= 阈值 10.000）:
      (0,1) [A, B]: 当前距离=22.000, 之前距离=38.000, 距离差=16.000 (>= 10.000, 满足阈值)
      (0,2) [A, C]: 当前距离=42.000, 之前距离=70.000, 距离差=28.000 (>= 10.000, 满足阈值)
      (0,3) [A, D]: 当前距离=22.000, 之前距离=62.000, 距离差=40.000 (>= 10.000, 满足阈值)
      (0,4) [A, E]: 当前距离=14.000, 之前距离=40.000, 距离差=26.000 (>= 10.000, 满足阈值)
      (1,2) [B, C]: 当前距离=20.000, 之前距离=44.000, 距离差=24.000 (>= 10.000, 满足阈值)
      (1,4) [B, E]: 当前距离=32.000, 之前距离=22.000, 距离差=10.000 (>= 10.000, 满足阈值)
      (2,3) [C, D]: 当前距离=36.000, 之前距离=60.000, 距离差=24.000 (>= 10.000, 满足阈值)
      (3,4) [D, E]: 当前距离=36.000, 之前距离=46.000, 距离差=10.000 (>= 10.000, 满足阈值)

  与解 5 比较:
    不同的chiplet对（距离差 >= 阈值 10.000）:
      (0,1) [A, B]: 当前距离=22.000, 之前距离=42.000, 距离差=20.000 (>= 10.000, 满足阈值)
      (0,2) [A, C]: 当前距离=42.000, 之前距离=82.000, 距离差=40.000 (>= 10.000, 满足阈值)
      (0,3) [A, D]: 当前距离=22.000, 之前距离=54.000, 距离差=32.000 (>= 10.000, 满足阈值)
      (0,4) [A, E]: 当前距离=14.000, 之前距离=28.000, 距离差=14.000 (>= 10.000, 满足阈值)
      (1,2) [B, C]: 当前距离=20.000, 之前距离=44.000, 距离差=24.000 (>= 10.000, 满足阈值)
      (1,3) [B, D]: 当前距离=16.000, 之前距离=28.000, 距离差=12.000 (>= 10.000, 满足阈值)
      (1,4) [B, E]: 当前距离=32.000, 之前距离=62.000, 距离差=30.000 (>= 10.000, 满足阈值)
      (2,3) [C, D]: 当前距离=36.000, 之前距离=72.000, 距离差=36.000 (>= 10.000, 满足阈值)
      (2,4) [C, E]: 当前距离=28.000, 之前距离=54.000, 距离差=26.000 (>= 10.000, 满足阈值)
      (3,4) [D, E]: 当前距离=36.000, 之前距离=74.000, 距离差=38.000 (>= 10.000, 满足阈值)

  与解 6 比较:
    相同的chiplet对（距离差 < 阈值 10.000）:
      (1,3) [B, D]: 当前距离=16.000, 之前距离=24.000, 距离差=8.000 (< 10.000)
      (1,4) [B, E]: 当前距离=32.000, 之前距离=28.000, 距离差=4.000 (< 10.000)
      (2,4) [C, E]: 当前距离=28.000, 之前距离=24.000, 距离差=4.000 (< 10.000)
    不同的chiplet对（距离差 >= 阈值 10.000）:
      (0,1) [A, B]: 当前距离=22.000, 之前距离=32.000, 距离差=10.000 (>= 10.000, 满足阈值)
      (0,2) [A, C]: 当前距离=42.000, 之前距离=76.000, 距离差=34.000 (>= 10.000, 满足阈值)
      (0,3) [A, D]: 当前距离=22.000, 之前距离=56.000, 距离差=34.000 (>= 10.000, 满足阈值)
      (0,4) [A, E]: 当前距离=14.000, 之前距离=52.000, 距离差=38.000 (>= 10.000, 满足阈值)
      (1,2) [B, C]: 当前距离=20.000, 之前距离=44.000, 距离差=24.000 (>= 10.000, 满足阈值)
      (2,3) [C, D]: 当前距离=36.000, 之前距离=60.000, 距离差=24.000 (>= 10.000, 满足阈值)
      (3,4) [D, E]: 当前距离=36.000, 之前距离=52.000, 距离差=16.000 (>= 10.000, 满足阈值)

  与解 7 比较:
    相同的chiplet对（距离差 < 阈值 10.000）:
      (1,2) [B, C]: 当前距离=20.000, 之前距离=20.000, 距离差=0.000 (< 10.000)
    不同的chiplet对（距离差 >= 阈值 10.000）:
      (0,1) [A, B]: 当前距离=22.000, 之前距离=46.000, 距离差=24.000 (>= 10.000, 满足阈值)
      (0,2) [A, C]: 当前距离=42.000, 之前距离=66.000, 距离差=24.000 (>= 10.000, 满足阈值)
      (0,3) [A, D]: 当前距离=22.000, 之前距离=54.000, 距离差=32.000 (>= 10.000, 满足阈值)
      (0,4) [A, E]: 当前距离=14.000, 之前距离=34.000, 距离差=20.000 (>= 10.000, 满足阈值)
      (1,3) [B, D]: 当前距离=16.000, 之前距离=44.000, 距离差=28.000 (>= 10.000, 满足阈值)
      (1,4) [B, E]: 当前距离=32.000, 之前距离=68.000, 距离差=36.000 (>= 10.000, 满足阈值)
      (2,3) [C, D]: 当前距离=36.000, 之前距离=64.000, 距离差=28.000 (>= 10.000, 满足阈值)
      (2,4) [C, E]: 当前距离=28.000, 之前距离=48.000, 距离差=20.000 (>= 10.000, 满足阈值)
      (3,4) [D, E]: 当前距离=36.000, 之前距离=88.000, 距离差=52.000 (>= 10.000, 满足阈值)

  与解 8 比较:
    相同的chiplet对（距离差 < 阈值 10.000）:
      (0,4) [A, E]: 当前距离=14.000, 之前距离=8.000, 距离差=6.000 (< 10.000)
    不同的chiplet对（距离差 >= 阈值 10.000）:
      (0,1) [A, B]: 当前距离=22.000, 之前距离=49.000, 距离差=27.000 (>= 10.000, 满足阈值)
      (0,2) [A, C]: 当前距离=42.000, 之前距离=71.000, 距离差=29.000 (>= 10.000, 满足阈值)
      (0,3) [A, D]: 当前距离=22.000, 之前距离=57.000, 距离差=35.000 (>= 10.000, 满足阈值)
      (1,2) [B, C]: 当前距离=20.000, 之前距离=40.000, 距离差=20.000 (>= 10.000, 满足阈值)
      (1,3) [B, D]: 当前距离=16.000, 之前距离=32.000, 距离差=16.000 (>= 10.000, 满足阈值)
      (1,4) [B, E]: 当前距离=32.000, 之前距离=57.000, 距离差=25.000 (>= 10.000, 满足阈值)
      (2,3) [C, D]: 当前距离=36.000, 之前距离=72.000, 距离差=36.000 (>= 10.000, 满足阈值)
      (2,4) [C, E]: 当前距离=28.000, 之前距离=63.000, 距离差=35.000 (>= 10.000, 满足阈值)
      (3,4) [D, E]: 当前距离=36.000, 之前距离=65.000, 距离差=29.000 (>= 10.000, 满足阈值)

=== 解 9 ===
目标函数值: 72.5600
[DEBUG 绘图] nodes数量: 5, layout中的chiplet数量: 5
[DEBUG 绘图] 绘制 A: 位置=(22.00, 22.00)
[DEBUG 绘图] 绘制 B: 位置=(20.00, 2.00)
[DEBUG 绘图] 绘制 C: 位置=(0.00, 2.00)
[DEBUG 绘图] 绘制 D: 位置=(30.00, 8.00)
[DEBUG 绘图] 绘制 E: 位置=(8.00, 22.00)
[DEBUG 绘图] 实际绘制了 5 个chiplet（共 5 个）
网格化布局: grid_size=0.5, grid_w=120, grid_h=120
问题规模: 5 个模块, 4 对有连接的模块对
固定chiplet 0 的中心在方框中心 (30.00, 30.00)
非重叠约束: 10 对模块对（所有模块对），M=200（基板尺寸最大值）
目标函数: 1.0 * wirelength + 0.1 * area_proxy

开始求解ILP问题...
变量数量: 585
约束数量: 1476
使用求解器: GLPK

求解状态: Optimal
求解时间: 17.45 秒
目标函数值: 72.56

=== 解 10 ===

每对chiplet的相对距离（|x[i]-x[j]|, |y[i]-y[j]|）:
  (0,1) [A, B]: x距离=3.000, y距离=16.000
  (0,2) [A, C]: x距离=17.000, y距离=16.000
  (0,3) [A, D]: x距离=13.000, y距离=16.000
  (0,4) [A, E]: x距离=14.000, y距离=12.000
  (1,2) [B, C]: x距离=20.000, y距离=0.000
  (1,3) [B, D]: x距离=10.000, y距离=0.000
  (1,4) [B, E]: x距离=17.000, y距离=4.000
  (2,3) [C, D]: x距离=30.000, y距离=0.000
  (2,4) [C, E]: x距离=3.000, y距离=4.000
  (3,4) [D, E]: x距离=27.000, y距离=4.000

与之前解的距离比较（阈值=10.000）:

  与解 1 比较:
    相同的chiplet对（距离差 < 阈值 10.000）:
      (1,2) [B, C]: 当前距离=20.000, 之前距离=20.000, 距离差=0.000 (< 10.000)
    不同的chiplet对（距离差 >= 阈值 10.000）:
      (0,1) [A, B]: 当前距离=19.000, 之前距离=38.000, 距离差=19.000 (>= 10.000, 满足阈值)
      (0,2) [A, C]: 当前距离=33.000, 之前距离=58.000, 距离差=25.000 (>= 10.000, 满足阈值)
      (0,3) [A, D]: 当前距离=29.000, 之前距离=58.000, 距离差=29.000 (>= 10.000, 满足阈值)
      (0,4) [A, E]: 当前距离=26.000, 之前距离=66.000, 距离差=40.000 (>= 10.000, 满足阈值)
      (1,3) [B, D]: 当前距离=10.000, 之前距离=32.000, 距离差=22.000 (>= 10.000, 满足阈值)
      (1,4) [B, E]: 当前距离=21.000, 之前距离=44.000, 距离差=23.000 (>= 10.000, 满足阈值)
      (2,3) [C, D]: 当前距离=30.000, 之前距离=52.000, 距离差=22.000 (>= 10.000, 满足阈值)
      (2,4) [C, E]: 当前距离=7.000, 之前距离=24.000, 距离差=17.000 (>= 10.000, 满足阈值)
      (3,4) [D, E]: 当前距离=31.000, 之前距离=76.000, 距离差=45.000 (>= 10.000, 满足阈值)

  与解 2 比较:
    相同的chiplet对（距离差 < 阈值 10.000）:
      (0,4) [A, E]: 当前距离=26.000, 之前距离=18.000, 距离差=8.000 (< 10.000)
    不同的chiplet对（距离差 >= 阈值 10.000）:
      (0,1) [A, B]: 当前距离=19.000, 之前距离=46.000, 距离差=27.000 (>= 10.000, 满足阈值)
      (0,2) [A, C]: 当前距离=33.000, 之前距离=74.000, 距离差=41.000 (>= 10.000, 满足阈值)
      (0,3) [A, D]: 当前距离=29.000, 之前距离=54.000, 距离差=25.000 (>= 10.000, 满足阈值)
      (1,2) [B, C]: 当前距离=20.000, 之前距离=40.000, 距离差=20.000 (>= 10.000, 满足阈值)
      (1,3) [B, D]: 当前距离=10.000, 之前距离=32.000, 距离差=22.000 (>= 10.000, 满足阈值)
      (1,4) [B, E]: 当前距离=21.000, 之前距离=64.000, 距离差=43.000 (>= 10.000, 满足阈值)
      (2,3) [C, D]: 当前距离=30.000, 之前距离=72.000, 距离差=42.000 (>= 10.000, 满足阈值)
      (2,4) [C, E]: 当前距离=7.000, 之前距离=56.000, 距离差=49.000 (>= 10.000, 满足阈值)
      (3,4) [D, E]: 当前距离=31.000, 之前距离=72.000, 距离差=41.000 (>= 10.000, 满足阈值)

  与解 3 比较:
    不同的chiplet对（距离差 >= 阈值 10.000）:
      (0,1) [A, B]: 当前距离=19.000, 之前距离=38.000, 距离差=19.000 (>= 10.000, 满足阈值)
      (0,2) [A, C]: 当前距离=33.000, 之前距离=66.000, 距离差=33.000 (>= 10.000, 满足阈值)
      (0,3) [A, D]: 当前距离=29.000, 之前距离=58.000, 距离差=29.000 (>= 10.000, 满足阈值)
      (0,4) [A, E]: 当前距离=26.000, 之前距离=42.000, 距离差=16.000 (>= 10.000, 满足阈值)
      (1,2) [B, C]: 当前距离=20.000, 之前距离=40.000, 距离差=20.000 (>= 10.000, 满足阈值)
      (1,3) [B, D]: 当前距离=10.000, 之前距离=20.000, 距离差=10.000 (>= 10.000, 满足阈值)
      (1,4) [B, E]: 当前距离=21.000, 之前距离=32.000, 距离差=11.000 (>= 10.000, 满足阈值)
      (2,3) [C, D]: 当前距离=30.000, 之前距离=60.000, 距离差=30.000 (>= 10.000, 满足阈值)
      (2,4) [C, E]: 当前距离=7.000, 之前距离=24.000, 距离差=17.000 (>= 10.000, 满足阈值)
      (3,4) [D, E]: 当前距离=31.000, 之前距离=52.000, 距离差=21.000 (>= 10.000, 满足阈值)

  与解 4 比较:
    相同的chiplet对（距离差 < 阈值 10.000）:
      (1,4) [B, E]: 当前距离=21.000, 之前距离=22.000, 距离差=1.000 (< 10.000)
    不同的chiplet对（距离差 >= 阈值 10.000）:
      (0,1) [A, B]: 当前距离=19.000, 之前距离=38.000, 距离差=19.000 (>= 10.000, 满足阈值)
      (0,2) [A, C]: 当前距离=33.000, 之前距离=70.000, 距离差=37.000 (>= 10.000, 满足阈值)
      (0,3) [A, D]: 当前距离=29.000, 之前距离=62.000, 距离差=33.000 (>= 10.000, 满足阈值)
      (0,4) [A, E]: 当前距离=26.000, 之前距离=40.000, 距离差=14.000 (>= 10.000, 满足阈值)
      (1,2) [B, C]: 当前距离=20.000, 之前距离=44.000, 距离差=24.000 (>= 10.000, 满足阈值)
      (1,3) [B, D]: 当前距离=10.000, 之前距离=24.000, 距离差=14.000 (>= 10.000, 满足阈值)
      (2,3) [C, D]: 当前距离=30.000, 之前距离=60.000, 距离差=30.000 (>= 10.000, 满足阈值)
      (2,4) [C, E]: 当前距离=7.000, 之前距离=30.000, 距离差=23.000 (>= 10.000, 满足阈值)
      (3,4) [D, E]: 当前距离=31.000, 之前距离=46.000, 距离差=15.000 (>= 10.000, 满足阈值)

  与解 5 比较:
    相同的chiplet对（距离差 < 阈值 10.000）:
      (0,4) [A, E]: 当前距离=26.000, 之前距离=28.000, 距离差=2.000 (< 10.000)
    不同的chiplet对（距离差 >= 阈值 10.000）:
      (0,1) [A, B]: 当前距离=19.000, 之前距离=42.000, 距离差=23.000 (>= 10.000, 满足阈值)
      (0,2) [A, C]: 当前距离=33.000, 之前距离=82.000, 距离差=49.000 (>= 10.000, 满足阈值)
      (0,3) [A, D]: 当前距离=29.000, 之前距离=54.000, 距离差=25.000 (>= 10.000, 满足阈值)
      (1,2) [B, C]: 当前距离=20.000, 之前距离=44.000, 距离差=24.000 (>= 10.000, 满足阈值)
      (1,3) [B, D]: 当前距离=10.000, 之前距离=28.000, 距离差=18.000 (>= 10.000, 满足阈值)
      (1,4) [B, E]: 当前距离=21.000, 之前距离=62.000, 距离差=41.000 (>= 10.000, 满足阈值)
      (2,3) [C, D]: 当前距离=30.000, 之前距离=72.000, 距离差=42.000 (>= 10.000, 满足阈值)
      (2,4) [C, E]: 当前距离=7.000, 之前距离=54.000, 距离差=47.000 (>= 10.000, 满足阈值)
      (3,4) [D, E]: 当前距离=31.000, 之前距离=74.000, 距离差=43.000 (>= 10.000, 满足阈值)

  与解 6 比较:
    相同的chiplet对（距离差 < 阈值 10.000）:
      (1,4) [B, E]: 当前距离=21.000, 之前距离=28.000, 距离差=7.000 (< 10.000)
    不同的chiplet对（距离差 >= 阈值 10.000）:
      (0,1) [A, B]: 当前距离=19.000, 之前距离=32.000, 距离差=13.000 (>= 10.000, 满足阈值)
      (0,2) [A, C]: 当前距离=33.000, 之前距离=76.000, 距离差=43.000 (>= 10.000, 满足阈值)
      (0,3) [A, D]: 当前距离=29.000, 之前距离=56.000, 距离差=27.000 (>= 10.000, 满足阈值)
      (0,4) [A, E]: 当前距离=26.000, 之前距离=52.000, 距离差=26.000 (>= 10.000, 满足阈值)
      (1,2) [B, C]: 当前距离=20.000, 之前距离=44.000, 距离差=24.000 (>= 10.000, 满足阈值)
      (1,3) [B, D]: 当前距离=10.000, 之前距离=24.000, 距离差=14.000 (>= 10.000, 满足阈值)
      (2,3) [C, D]: 当前距离=30.000, 之前距离=60.000, 距离差=30.000 (>= 10.000, 满足阈值)
      (2,4) [C, E]: 当前距离=7.000, 之前距离=24.000, 距离差=17.000 (>= 10.000, 满足阈值)
      (3,4) [D, E]: 当前距离=31.000, 之前距离=52.000, 距离差=21.000 (>= 10.000, 满足阈值)

  与解 7 比较:
    相同的chiplet对（距离差 < 阈值 10.000）:
      (0,4) [A, E]: 当前距离=26.000, 之前距离=34.000, 距离差=8.000 (< 10.000)
      (1,2) [B, C]: 当前距离=20.000, 之前距离=20.000, 距离差=0.000 (< 10.000)
    不同的chiplet对（距离差 >= 阈值 10.000）:
      (0,1) [A, B]: 当前距离=19.000, 之前距离=46.000, 距离差=27.000 (>= 10.000, 满足阈值)
      (0,2) [A, C]: 当前距离=33.000, 之前距离=66.000, 距离差=33.000 (>= 10.000, 满足阈值)
      (0,3) [A, D]: 当前距离=29.000, 之前距离=54.000, 距离差=25.000 (>= 10.000, 满足阈值)
      (1,3) [B, D]: 当前距离=10.000, 之前距离=44.000, 距离差=34.000 (>= 10.000, 满足阈值)
      (1,4) [B, E]: 当前距离=21.000, 之前距离=68.000, 距离差=47.000 (>= 10.000, 满足阈值)
      (2,3) [C, D]: 当前距离=30.000, 之前距离=64.000, 距离差=34.000 (>= 10.000, 满足阈值)
      (2,4) [C, E]: 当前距离=7.000, 之前距离=48.000, 距离差=41.000 (>= 10.000, 满足阈值)
      (3,4) [D, E]: 当前距离=31.000, 之前距离=88.000, 距离差=57.000 (>= 10.000, 满足阈值)

  与解 8 比较:
    不同的chiplet对（距离差 >= 阈值 10.000）:
      (0,1) [A, B]: 当前距离=19.000, 之前距离=49.000, 距离差=30.000 (>= 10.000, 满足阈值)
      (0,2) [A, C]: 当前距离=33.000, 之前距离=71.000, 距离差=38.000 (>= 10.000, 满足阈值)
      (0,3) [A, D]: 当前距离=29.000, 之前距离=57.000, 距离差=28.000 (>= 10.000, 满足阈值)
      (0,4) [A, E]: 当前距离=26.000, 之前距离=8.000, 距离差=18.000 (>= 10.000, 满足阈值)
      (1,2) [B, C]: 当前距离=20.000, 之前距离=40.000, 距离差=20.000 (>= 10.000, 满足阈值)
      (1,3) [B, D]: 当前距离=10.000, 之前距离=32.000, 距离差=22.000 (>= 10.000, 满足阈值)
      (1,4) [B, E]: 当前距离=21.000, 之前距离=57.000, 距离差=36.000 (>= 10.000, 满足阈值)
      (2,3) [C, D]: 当前距离=30.000, 之前距离=72.000, 距离差=42.000 (>= 10.000, 满足阈值)
      (2,4) [C, E]: 当前距离=7.000, 之前距离=63.000, 距离差=56.000 (>= 10.000, 满足阈值)
      (3,4) [D, E]: 当前距离=31.000, 之前距离=65.000, 距离差=34.000 (>= 10.000, 满足阈值)

  与解 9 比较:
    相同的chiplet对（距离差 < 阈值 10.000）:
      (0,4) [A, E]: 当前距离=26.000, 之前距离=28.000, 距离差=2.000 (< 10.000)
    不同的chiplet对（距离差 >= 阈值 10.000）:
      (0,1) [A, B]: 当前距离=19.000, 之前距离=44.000, 距离差=25.000 (>= 10.000, 满足阈值)
      (0,2) [A, C]: 当前距离=33.000, 之前距离=84.000, 距离差=51.000 (>= 10.000, 满足阈值)
      (0,3) [A, D]: 当前距离=29.000, 之前距离=44.000, 距离差=15.000 (>= 10.000, 满足阈值)
      (1,2) [B, C]: 当前距离=20.000, 之前距离=40.000, 距离差=20.000 (>= 10.000, 满足阈值)
      (1,3) [B, D]: 当前距离=10.000, 之前距离=32.000, 距离差=22.000 (>= 10.000, 满足阈值)
      (1,4) [B, E]: 当前距离=21.000, 之前距离=64.000, 距离差=43.000 (>= 10.000, 满足阈值)
      (2,3) [C, D]: 当前距离=30.000, 之前距离=72.000, 距离差=42.000 (>= 10.000, 满足阈值)
      (2,4) [C, E]: 当前距离=7.000, 之前距离=56.000, 距离差=49.000 (>= 10.000, 满足阈值)
      (3,4) [D, E]: 当前距离=31.000, 之前距离=72.000, 距离差=41.000 (>= 10.000, 满足阈值)

=== 解 10 ===
目标函数值: 72.5600
[DEBUG 绘图] nodes数量: 5, layout中的chiplet数量: 5
[DEBUG 绘图] 绘制 A: 位置=(22.00, 22.00)
[DEBUG 绘图] 绘制 B: 位置=(25.00, 38.00)
[DEBUG 绘图] 绘制 C: 位置=(5.00, 38.00)
[DEBUG 绘图] 绘制 D: 位置=(35.00, 38.00)
[DEBUG 绘图] 绘制 E: 位置=(8.00, 34.00)
[DEBUG 绘图] 实际绘制了 5 个chiplet（共 5 个）
网格化布局: grid_size=0.5, grid_w=120, grid_h=120
问题规模: 5 个模块, 4 对有连接的模块对
固定chiplet 0 的中心在方框中心 (30.00, 30.00)
非重叠约束: 10 对模块对（所有模块对），M=200（基板尺寸最大值）
目标函数: 1.0 * wirelength + 0.1 * area_proxy

开始求解ILP问题...
变量数量: 625
约束数量: 1586
使用求解器: GLPK

求解状态: Optimal
求解时间: 24.01 秒
目标函数值: 74.56

=== 解 11 ===

每对chiplet的相对距离（|x[i]-x[j]|, |y[i]-y[j]|）:
  (0,1) [A, B]: x距离=3.000, y距离=20.000
  (0,2) [A, C]: x距离=17.000, y距离=20.000
  (0,3) [A, D]: x距离=13.000, y距离=14.000
  (0,4) [A, E]: x距离=16.000, y距离=0.000
  (1,2) [B, C]: x距离=20.000, y距离=0.000
  (1,3) [B, D]: x距离=10.000, y距离=6.000
  (1,4) [B, E]: x距离=19.000, y距离=20.000
  (2,3) [C, D]: x距离=30.000, y距离=6.000
  (2,4) [C, E]: x距离=1.000, y距离=20.000
  (3,4) [D, E]: x距离=29.000, y距离=14.000

与之前解的距离比较（阈值=10.000）:

  与解 1 比较:
    相同的chiplet对（距离差 < 阈值 10.000）:
      (1,2) [B, C]: 当前距离=20.000, 之前距离=20.000, 距离差=0.000 (< 10.000)
      (1,4) [B, E]: 当前距离=39.000, 之前距离=44.000, 距离差=5.000 (< 10.000)
      (2,4) [C, E]: 当前距离=21.000, 之前距离=24.000, 距离差=3.000 (< 10.000)
    不同的chiplet对（距离差 >= 阈值 10.000）:
      (0,1) [A, B]: 当前距离=23.000, 之前距离=38.000, 距离差=15.000 (>= 10.000, 满足阈值)
      (0,2) [A, C]: 当前距离=37.000, 之前距离=58.000, 距离差=21.000 (>= 10.000, 满足阈值)
      (0,3) [A, D]: 当前距离=27.000, 之前距离=58.000, 距离差=31.000 (>= 10.000, 满足阈值)
      (0,4) [A, E]: 当前距离=16.000, 之前距离=66.000, 距离差=50.000 (>= 10.000, 满足阈值)
      (1,3) [B, D]: 当前距离=16.000, 之前距离=32.000, 距离差=16.000 (>= 10.000, 满足阈值)
      (2,3) [C, D]: 当前距离=36.000, 之前距离=52.000, 距离差=16.000 (>= 10.000, 满足阈值)
      (3,4) [D, E]: 当前距离=43.000, 之前距离=76.000, 距离差=33.000 (>= 10.000, 满足阈值)

  与解 2 比较:
    相同的chiplet对（距离差 < 阈值 10.000）:
      (0,4) [A, E]: 当前距离=16.000, 之前距离=18.000, 距离差=2.000 (< 10.000)
    不同的chiplet对（距离差 >= 阈值 10.000）:
      (0,1) [A, B]: 当前距离=23.000, 之前距离=46.000, 距离差=23.000 (>= 10.000, 满足阈值)
      (0,2) [A, C]: 当前距离=37.000, 之前距离=74.000, 距离差=37.000 (>= 10.000, 满足阈值)
      (0,3) [A, D]: 当前距离=27.000, 之前距离=54.000, 距离差=27.000 (>= 10.000, 满足阈值)
      (1,2) [B, C]: 当前距离=20.000, 之前距离=40.000, 距离差=20.000 (>= 10.000, 满足阈值)
      (1,3) [B, D]: 当前距离=16.000, 之前距离=32.000, 距离差=16.000 (>= 10.000, 满足阈值)
      (1,4) [B, E]: 当前距离=39.000, 之前距离=64.000, 距离差=25.000 (>= 10.000, 满足阈值)
      (2,3) [C, D]: 当前距离=36.000, 之前距离=72.000, 距离差=36.000 (>= 10.000, 满足阈值)
      (2,4) [C, E]: 当前距离=21.000, 之前距离=56.000, 距离差=35.000 (>= 10.000, 满足阈值)
      (3,4) [D, E]: 当前距离=43.000, 之前距离=72.000, 距离差=29.000 (>= 10.000, 满足阈值)

  与解 3 比较:
    相同的chiplet对（距离差 < 阈值 10.000）:
      (1,3) [B, D]: 当前距离=16.000, 之前距离=20.000, 距离差=4.000 (< 10.000)
      (1,4) [B, E]: 当前距离=39.000, 之前距离=32.000, 距离差=7.000 (< 10.000)
      (2,4) [C, E]: 当前距离=21.000, 之前距离=24.000, 距离差=3.000 (< 10.000)
      (3,4) [D, E]: 当前距离=43.000, 之前距离=52.000, 距离差=9.000 (< 10.000)
    不同的chiplet对（距离差 >= 阈值 10.000）:
      (0,1) [A, B]: 当前距离=23.000, 之前距离=38.000, 距离差=15.000 (>= 10.000, 满足阈值)
      (0,2) [A, C]: 当前距离=37.000, 之前距离=66.000, 距离差=29.000 (>= 10.000, 满足阈值)
      (0,3) [A, D]: 当前距离=27.000, 之前距离=58.000, 距离差=31.000 (>= 10.000, 满足阈值)
      (0,4) [A, E]: 当前距离=16.000, 之前距离=42.000, 距离差=26.000 (>= 10.000, 满足阈值)
      (1,2) [B, C]: 当前距离=20.000, 之前距离=40.000, 距离差=20.000 (>= 10.000, 满足阈值)
      (2,3) [C, D]: 当前距离=36.000, 之前距离=60.000, 距离差=24.000 (>= 10.000, 满足阈值)

  与解 4 比较:
    相同的chiplet对（距离差 < 阈值 10.000）:
      (1,3) [B, D]: 当前距离=16.000, 之前距离=24.000, 距离差=8.000 (< 10.000)
      (2,4) [C, E]: 当前距离=21.000, 之前距离=30.000, 距离差=9.000 (< 10.000)
      (3,4) [D, E]: 当前距离=43.000, 之前距离=46.000, 距离差=3.000 (< 10.000)
    不同的chiplet对（距离差 >= 阈值 10.000）:
      (0,1) [A, B]: 当前距离=23.000, 之前距离=38.000, 距离差=15.000 (>= 10.000, 满足阈值)
      (0,2) [A, C]: 当前距离=37.000, 之前距离=70.000, 距离差=33.000 (>= 10.000, 满足阈值)
      (0,3) [A, D]: 当前距离=27.000, 之前距离=62.000, 距离差=35.000 (>= 10.000, 满足阈值)
      (0,4) [A, E]: 当前距离=16.000, 之前距离=40.000, 距离差=24.000 (>= 10.000, 满足阈值)
      (1,2) [B, C]: 当前距离=20.000, 之前距离=44.000, 距离差=24.000 (>= 10.000, 满足阈值)
      (1,4) [B, E]: 当前距离=39.000, 之前距离=22.000, 距离差=17.000 (>= 10.000, 满足阈值)
      (2,3) [C, D]: 当前距离=36.000, 之前距离=60.000, 距离差=24.000 (>= 10.000, 满足阈值)

  与解 5 比较:
    不同的chiplet对（距离差 >= 阈值 10.000）:
      (0,1) [A, B]: 当前距离=23.000, 之前距离=42.000, 距离差=19.000 (>= 10.000, 满足阈值)
      (0,2) [A, C]: 当前距离=37.000, 之前距离=82.000, 距离差=45.000 (>= 10.000, 满足阈值)
      (0,3) [A, D]: 当前距离=27.000, 之前距离=54.000, 距离差=27.000 (>= 10.000, 满足阈值)
      (0,4) [A, E]: 当前距离=16.000, 之前距离=28.000, 距离差=12.000 (>= 10.000, 满足阈值)
      (1,2) [B, C]: 当前距离=20.000, 之前距离=44.000, 距离差=24.000 (>= 10.000, 满足阈值)
      (1,3) [B, D]: 当前距离=16.000, 之前距离=28.000, 距离差=12.000 (>= 10.000, 满足阈值)
      (1,4) [B, E]: 当前距离=39.000, 之前距离=62.000, 距离差=23.000 (>= 10.000, 满足阈值)
      (2,3) [C, D]: 当前距离=36.000, 之前距离=72.000, 距离差=36.000 (>= 10.000, 满足阈值)
      (2,4) [C, E]: 当前距离=21.000, 之前距离=54.000, 距离差=33.000 (>= 10.000, 满足阈值)
      (3,4) [D, E]: 当前距离=43.000, 之前距离=74.000, 距离差=31.000 (>= 10.000, 满足阈值)

  与解 6 比较:
    相同的chiplet对（距离差 < 阈值 10.000）:
      (0,1) [A, B]: 当前距离=23.000, 之前距离=32.000, 距离差=9.000 (< 10.000)
      (1,3) [B, D]: 当前距离=16.000, 之前距离=24.000, 距离差=8.000 (< 10.000)
      (2,4) [C, E]: 当前距离=21.000, 之前距离=24.000, 距离差=3.000 (< 10.000)
      (3,4) [D, E]: 当前距离=43.000, 之前距离=52.000, 距离差=9.000 (< 10.000)
    不同的chiplet对（距离差 >= 阈值 10.000）:
      (0,2) [A, C]: 当前距离=37.000, 之前距离=76.000, 距离差=39.000 (>= 10.000, 满足阈值)
      (0,3) [A, D]: 当前距离=27.000, 之前距离=56.000, 距离差=29.000 (>= 10.000, 满足阈值)
      (0,4) [A, E]: 当前距离=16.000, 之前距离=52.000, 距离差=36.000 (>= 10.000, 满足阈值)
      (1,2) [B, C]: 当前距离=20.000, 之前距离=44.000, 距离差=24.000 (>= 10.000, 满足阈值)
      (1,4) [B, E]: 当前距离=39.000, 之前距离=28.000, 距离差=11.000 (>= 10.000, 满足阈值)
      (2,3) [C, D]: 当前距离=36.000, 之前距离=60.000, 距离差=24.000 (>= 10.000, 满足阈值)

  与解 7 比较:
    相同的chiplet对（距离差 < 阈值 10.000）:
      (1,2) [B, C]: 当前距离=20.000, 之前距离=20.000, 距离差=0.000 (< 10.000)
    不同的chiplet对（距离差 >= 阈值 10.000）:
      (0,1) [A, B]: 当前距离=23.000, 之前距离=46.000, 距离差=23.000 (>= 10.000, 满足阈值)
      (0,2) [A, C]: 当前距离=37.000, 之前距离=66.000, 距离差=29.000 (>= 10.000, 满足阈值)
      (0,3) [A, D]: 当前距离=27.000, 之前距离=54.000, 距离差=27.000 (>= 10.000, 满足阈值)
      (0,4) [A, E]: 当前距离=16.000, 之前距离=34.000, 距离差=18.000 (>= 10.000, 满足阈值)
      (1,3) [B, D]: 当前距离=16.000, 之前距离=44.000, 距离差=28.000 (>= 10.000, 满足阈值)
      (1,4) [B, E]: 当前距离=39.000, 之前距离=68.000, 距离差=29.000 (>= 10.000, 满足阈值)
      (2,3) [C, D]: 当前距离=36.000, 之前距离=64.000, 距离差=28.000 (>= 10.000, 满足阈值)
      (2,4) [C, E]: 当前距离=21.000, 之前距离=48.000, 距离差=27.000 (>= 10.000, 满足阈值)
      (3,4) [D, E]: 当前距离=43.000, 之前距离=88.000, 距离差=45.000 (>= 10.000, 满足阈值)

  与解 8 比较:
    相同的chiplet对（距离差 < 阈值 10.000）:
      (0,4) [A, E]: 当前距离=16.000, 之前距离=8.000, 距离差=8.000 (< 10.000)
    不同的chiplet对（距离差 >= 阈值 10.000）:
      (0,1) [A, B]: 当前距离=23.000, 之前距离=49.000, 距离差=26.000 (>= 10.000, 满足阈值)
      (0,2) [A, C]: 当前距离=37.000, 之前距离=71.000, 距离差=34.000 (>= 10.000, 满足阈值)
      (0,3) [A, D]: 当前距离=27.000, 之前距离=57.000, 距离差=30.000 (>= 10.000, 满足阈值)
      (1,2) [B, C]: 当前距离=20.000, 之前距离=40.000, 距离差=20.000 (>= 10.000, 满足阈值)
      (1,3) [B, D]: 当前距离=16.000, 之前距离=32.000, 距离差=16.000 (>= 10.000, 满足阈值)
      (1,4) [B, E]: 当前距离=39.000, 之前距离=57.000, 距离差=18.000 (>= 10.000, 满足阈值)
      (2,3) [C, D]: 当前距离=36.000, 之前距离=72.000, 距离差=36.000 (>= 10.000, 满足阈值)
      (2,4) [C, E]: 当前距离=21.000, 之前距离=63.000, 距离差=42.000 (>= 10.000, 满足阈值)
      (3,4) [D, E]: 当前距离=43.000, 之前距离=65.000, 距离差=22.000 (>= 10.000, 满足阈值)

  与解 9 比较:
    不同的chiplet对（距离差 >= 阈值 10.000）:
      (0,1) [A, B]: 当前距离=23.000, 之前距离=44.000, 距离差=21.000 (>= 10.000, 满足阈值)
      (0,2) [A, C]: 当前距离=37.000, 之前距离=84.000, 距离差=47.000 (>= 10.000, 满足阈值)
      (0,3) [A, D]: 当前距离=27.000, 之前距离=44.000, 距离差=17.000 (>= 10.000, 满足阈值)
      (0,4) [A, E]: 当前距离=16.000, 之前距离=28.000, 距离差=12.000 (>= 10.000, 满足阈值)
      (1,2) [B, C]: 当前距离=20.000, 之前距离=40.000, 距离差=20.000 (>= 10.000, 满足阈值)
      (1,3) [B, D]: 当前距离=16.000, 之前距离=32.000, 距离差=16.000 (>= 10.000, 满足阈值)
      (1,4) [B, E]: 当前距离=39.000, 之前距离=64.000, 距离差=25.000 (>= 10.000, 满足阈值)
      (2,3) [C, D]: 当前距离=36.000, 之前距离=72.000, 距离差=36.000 (>= 10.000, 满足阈值)
      (2,4) [C, E]: 当前距离=21.000, 之前距离=56.000, 距离差=35.000 (>= 10.000, 满足阈值)
      (3,4) [D, E]: 当前距离=43.000, 之前距离=72.000, 距离差=29.000 (>= 10.000, 满足阈值)

  与解 10 比较:
    相同的chiplet对（距离差 < 阈值 10.000）:
      (1,3) [B, D]: 当前距离=16.000, 之前距离=20.000, 距离差=4.000 (< 10.000)
      (1,4) [B, E]: 当前距离=39.000, 之前距离=42.000, 距离差=3.000 (< 10.000)
      (2,4) [C, E]: 当前距离=21.000, 之前距离=14.000, 距离差=7.000 (< 10.000)
    不同的chiplet对（距离差 >= 阈值 10.000）:
      (0,1) [A, B]: 当前距离=23.000, 之前距离=38.000, 距离差=15.000 (>= 10.000, 满足阈值)
      (0,2) [A, C]: 当前距离=37.000, 之前距离=66.000, 距离差=29.000 (>= 10.000, 满足阈值)
      (0,3) [A, D]: 当前距离=27.000, 之前距离=58.000, 距离差=31.000 (>= 10.000, 满足阈值)
      (0,4) [A, E]: 当前距离=16.000, 之前距离=52.000, 距离差=36.000 (>= 10.000, 满足阈值)
      (1,2) [B, C]: 当前距离=20.000, 之前距离=40.000, 距离差=20.000 (>= 10.000, 满足阈值)
      (2,3) [C, D]: 当前距离=36.000, 之前距离=60.000, 距离差=24.000 (>= 10.000, 满足阈值)
      (3,4) [D, E]: 当前距离=43.000, 之前距离=62.000, 距离差=19.000 (>= 10.000, 满足阈值)

=== 解 11 ===
目标函数值: 74.5600
[DEBUG 绘图] nodes数量: 5, layout中的chiplet数量: 5
[DEBUG 绘图] 绘制 A: 位置=(22.00, 22.00)
[DEBUG 绘图] 绘制 B: 位置=(25.00, 2.00)
[DEBUG 绘图] 绘制 C: 位置=(5.00, 2.00)
[DEBUG 绘图] 绘制 D: 位置=(35.00, 8.00)
[DEBUG 绘图] 绘制 E: 位置=(6.00, 22.00)
[DEBUG 绘图] 实际绘制了 5 个chiplet（共 5 个）
网格化布局: grid_size=0.5, grid_w=120, grid_h=120
问题规模: 5 个模块, 4 对有连接的模块对
固定chiplet 0 的中心在方框中心 (30.00, 30.00)
非重叠约束: 10 对模块对（所有模块对），M=200（基板尺寸最大值）
目标函数: 1.0 * wirelength + 0.1 * area_proxy

开始求解ILP问题...
变量数量: 665
约束数量: 1696
使用求解器: GLPK
